[2024-05-13T16:44:29.093+0000] {taskinstance.py:1979} INFO - Dependencies all met for dep_context=non-requeueable deps ti=<TaskInstance: live_ademe.save_postgresdb manual__2024-05-13T16:44:23.711615+00:00 [queued]>
[2024-05-13T16:44:29.105+0000] {taskinstance.py:1979} INFO - Dependencies all met for dep_context=requeueable deps ti=<TaskInstance: live_ademe.save_postgresdb manual__2024-05-13T16:44:23.711615+00:00 [queued]>
[2024-05-13T16:44:29.106+0000] {taskinstance.py:2193} INFO - Starting attempt 1 of 2
[2024-05-13T16:44:29.125+0000] {taskinstance.py:2217} INFO - Executing <Task(PythonOperator): save_postgresdb> on 2024-05-13 16:44:23.711615+00:00
[2024-05-13T16:44:29.138+0000] {standard_task_runner.py:60} INFO - Started process 23877 to run task
[2024-05-13T16:44:29.145+0000] {standard_task_runner.py:87} INFO - Running: ['***', 'tasks', 'run', 'live_ademe', 'save_postgresdb', 'manual__2024-05-13T16:44:23.711615+00:00', '--job-id', '90', '--raw', '--subdir', 'DAGS_FOLDER/load.py', '--cfg-path', '/tmp/tmpu7_nsge9']
[2024-05-13T16:44:29.149+0000] {standard_task_runner.py:88} INFO - Job 90: Subtask save_postgresdb
[2024-05-13T16:44:29.220+0000] {task_command.py:423} INFO - Running <TaskInstance: live_ademe.save_postgresdb manual__2024-05-13T16:44:23.711615+00:00 [running]> on host 86724742ac03
[2024-05-13T16:44:29.326+0000] {taskinstance.py:2513} INFO - Exporting env vars: AIRFLOW_CTX_DAG_EMAIL='***@example.com' AIRFLOW_CTX_DAG_OWNER='***' AIRFLOW_CTX_DAG_ID='live_ademe' AIRFLOW_CTX_TASK_ID='save_postgresdb' AIRFLOW_CTX_EXECUTION_DATE='2024-05-13T16:44:23.711615+00:00' AIRFLOW_CTX_TRY_NUMBER='1' AIRFLOW_CTX_DAG_RUN_ID='manual__2024-05-13T16:44:23.711615+00:00'
[2024-05-13T16:44:29.329+0000] {load.py:133} INFO - openning result file
[2024-05-13T16:44:29.345+0000] {load.py:138} INFO - dataframe creation
[2024-05-13T16:44:29.382+0000] {load.py:142} INFO - dataframe creation
[2024-05-13T16:44:29.413+0000] {load.py:146} INFO - dataframe cleaning
[2024-05-13T16:44:31.492+0000] {taskinstance.py:2731} ERROR - Task failed with exception
Traceback (most recent call last):
  File "/home/airflow/.local/lib/python3.8/site-packages/airflow/models/taskinstance.py", line 444, in _execute_task
    result = _execute_callable(context=context, **execute_callable_kwargs)
  File "/home/airflow/.local/lib/python3.8/site-packages/airflow/models/taskinstance.py", line 414, in _execute_callable
    return execute_callable(context=context, **execute_callable_kwargs)
  File "/home/airflow/.local/lib/python3.8/site-packages/airflow/operators/python.py", line 200, in execute
    return_value = self.execute_callable()
  File "/home/airflow/.local/lib/python3.8/site-packages/airflow/operators/python.py", line 217, in execute_callable
    return self.python_callable(*self.op_args, **self.op_kwargs)
  File "/opt/airflow/dags/load.py", line 148, in save_postgresdb
    db = Database()
  File "/opt/airflow/dags/db_utils.py", line 23, in __init__
    self.connection = psycopg2.connect(**db_params)
  File "/home/airflow/.local/lib/python3.8/site-packages/psycopg2/__init__.py", line 122, in connect
    conn = _connect(dsn, connection_factory=connection_factory, **kwasync)
psycopg2.OperationalError: connection to server at "postgreserv.postgres.database.azure.com" (52.143.147.101), port 5432 failed: FATAL:  password authentication failed for user "user"

[2024-05-13T16:44:31.506+0000] {taskinstance.py:1149} INFO - Marking task as UP_FOR_RETRY. dag_id=live_ademe, task_id=save_postgresdb, execution_date=20240513T164423, start_date=20240513T164429, end_date=20240513T164431
[2024-05-13T16:44:31.909+0000] {standard_task_runner.py:107} ERROR - Failed to execute job 90 for task save_postgresdb (connection to server at "postgreserv.postgres.database.azure.com" (52.143.147.101), port 5432 failed: FATAL:  password authentication failed for user "user"
; 23877)
[2024-05-13T16:44:31.943+0000] {local_task_job_runner.py:234} INFO - Task exited with return code 1
[2024-05-13T16:44:31.990+0000] {taskinstance.py:3312} INFO - 0 downstream tasks scheduled from follow-on schedule check
