[2024-05-13T16:58:16.829+0000] {taskinstance.py:1979} INFO - Dependencies all met for dep_context=non-requeueable deps ti=<TaskInstance: live_ademe.save_postgresdb manual__2024-05-13T16:58:11.467547+00:00 [queued]>
[2024-05-13T16:58:16.843+0000] {taskinstance.py:1979} INFO - Dependencies all met for dep_context=requeueable deps ti=<TaskInstance: live_ademe.save_postgresdb manual__2024-05-13T16:58:11.467547+00:00 [queued]>
[2024-05-13T16:58:16.843+0000] {taskinstance.py:2193} INFO - Starting attempt 1 of 2
[2024-05-13T16:58:16.862+0000] {taskinstance.py:2217} INFO - Executing <Task(PythonOperator): save_postgresdb> on 2024-05-13 16:58:11.467547+00:00
[2024-05-13T16:58:16.872+0000] {standard_task_runner.py:60} INFO - Started process 24090 to run task
[2024-05-13T16:58:16.879+0000] {standard_task_runner.py:87} INFO - Running: ['***', 'tasks', 'run', 'live_ademe', 'save_postgresdb', 'manual__2024-05-13T16:58:11.467547+00:00', '--job-id', '94', '--raw', '--subdir', 'DAGS_FOLDER/load.py', '--cfg-path', '/tmp/tmpsw15sscq']
[2024-05-13T16:58:16.883+0000] {standard_task_runner.py:88} INFO - Job 94: Subtask save_postgresdb
[2024-05-13T16:58:16.958+0000] {task_command.py:423} INFO - Running <TaskInstance: live_ademe.save_postgresdb manual__2024-05-13T16:58:11.467547+00:00 [running]> on host 86724742ac03
[2024-05-13T16:58:17.101+0000] {taskinstance.py:2513} INFO - Exporting env vars: AIRFLOW_CTX_DAG_EMAIL='***@example.com' AIRFLOW_CTX_DAG_OWNER='***' AIRFLOW_CTX_DAG_ID='live_ademe' AIRFLOW_CTX_TASK_ID='save_postgresdb' AIRFLOW_CTX_EXECUTION_DATE='2024-05-13T16:58:11.467547+00:00' AIRFLOW_CTX_TRY_NUMBER='1' AIRFLOW_CTX_DAG_RUN_ID='manual__2024-05-13T16:58:11.467547+00:00'
[2024-05-13T16:58:17.105+0000] {load.py:133} INFO - openning result file
[2024-05-13T16:58:17.127+0000] {load.py:138} INFO - dataframe creation
[2024-05-13T16:58:17.141+0000] {load.py:142} INFO - dataframe creation
[2024-05-13T16:58:17.162+0000] {load.py:146} INFO - dataframe cleaning
[2024-05-13T16:58:17.221+0000] {load.py:151} INFO - dataframe storing
[2024-05-13T16:58:17.228+0000] {taskinstance.py:2731} ERROR - Task failed with exception
Traceback (most recent call last):
  File "/home/airflow/.local/lib/python3.8/site-packages/airflow/models/taskinstance.py", line 444, in _execute_task
    result = _execute_callable(context=context, **execute_callable_kwargs)
  File "/home/airflow/.local/lib/python3.8/site-packages/airflow/models/taskinstance.py", line 414, in _execute_callable
    return execute_callable(context=context, **execute_callable_kwargs)
  File "/home/airflow/.local/lib/python3.8/site-packages/airflow/operators/python.py", line 200, in execute
    return_value = self.execute_callable()
  File "/home/airflow/.local/lib/python3.8/site-packages/airflow/operators/python.py", line 217, in execute_callable
    return self.python_callable(*self.op_args, **self.op_kwargs)
  File "/opt/airflow/dags/load.py", line 152, in save_postgresdb
    data[["n_dpe", "payload"]].to_sql(
  File "/home/airflow/.local/lib/python3.8/site-packages/pandas/core/frame.py", line 3767, in __getitem__
    indexer = self.columns._get_indexer_strict(key, "columns")[1]
  File "/home/airflow/.local/lib/python3.8/site-packages/pandas/core/indexes/base.py", line 5877, in _get_indexer_strict
    self._raise_if_missing(keyarr, indexer, axis_name)
  File "/home/airflow/.local/lib/python3.8/site-packages/pandas/core/indexes/base.py", line 5941, in _raise_if_missing
    raise KeyError(f"{not_found} not in index")
KeyError: "['payload'] not in index"
[2024-05-13T16:58:17.254+0000] {taskinstance.py:1149} INFO - Marking task as UP_FOR_RETRY. dag_id=live_ademe, task_id=save_postgresdb, execution_date=20240513T165811, start_date=20240513T165816, end_date=20240513T165817
[2024-05-13T16:58:17.786+0000] {standard_task_runner.py:107} ERROR - Failed to execute job 94 for task save_postgresdb ("['payload'] not in index"; 24090)
[2024-05-13T16:58:17.816+0000] {local_task_job_runner.py:234} INFO - Task exited with return code 1
[2024-05-13T16:58:17.857+0000] {taskinstance.py:3312} INFO - 0 downstream tasks scheduled from follow-on schedule check
