[2024-05-13T23:30:54.527+0000] {processor.py:161} INFO - Started process (PID=37741) to work on /opt/airflow/dags/transform.py
[2024-05-13T23:30:54.529+0000] {processor.py:830} INFO - Processing file /opt/airflow/dags/transform.py for tasks to queue
[2024-05-13T23:30:54.530+0000] {logging_mixin.py:188} INFO - [2024-05-13T23:30:54.530+0000] {dagbag.py:540} INFO - Filling up the DagBag from /opt/airflow/dags/transform.py
[2024-05-13T23:30:54.931+0000] {logging_mixin.py:188} INFO - [2024-05-13T23:30:54.928+0000] {dagbag.py:350} ERROR - Failed to import: /opt/airflow/dags/transform.py
Traceback (most recent call last):
  File "/home/airflow/.local/lib/python3.8/site-packages/airflow/models/dagbag.py", line 346, in parse
    loader.exec_module(new_module)
  File "<frozen importlib._bootstrap_external>", line 843, in exec_module
  File "<frozen importlib._bootstrap>", line 219, in _call_with_frames_removed
  File "/opt/airflow/dags/transform.py", line 15, in <module>
    from features import FeatureProcessor, FeatureSets
ModuleNotFoundError: No module named 'features'
[2024-05-13T23:30:54.932+0000] {processor.py:842} WARNING - No viable dags retrieved from /opt/airflow/dags/transform.py
[2024-05-13T23:30:54.964+0000] {processor.py:183} INFO - Processing /opt/airflow/dags/transform.py took 0.443 seconds
[2024-05-13T23:31:22.917+0000] {processor.py:161} INFO - Started process (PID=37753) to work on /opt/airflow/dags/transform.py
[2024-05-13T23:31:22.919+0000] {processor.py:830} INFO - Processing file /opt/airflow/dags/transform.py for tasks to queue
[2024-05-13T23:31:22.920+0000] {logging_mixin.py:188} INFO - [2024-05-13T23:31:22.920+0000] {dagbag.py:540} INFO - Filling up the DagBag from /opt/airflow/dags/transform.py
[2024-05-13T23:31:23.325+0000] {processor.py:840} INFO - DAG(s) 'ademe_transform_data' retrieved from /opt/airflow/dags/transform.py
[2024-05-13T23:31:23.488+0000] {logging_mixin.py:188} INFO - [2024-05-13T23:31:23.487+0000] {override.py:1769} INFO - Created Permission View: can delete on DAG:ademe_transform_data
[2024-05-13T23:31:23.811+0000] {logging_mixin.py:188} INFO - [2024-05-13T23:31:23.810+0000] {override.py:1769} INFO - Created Permission View: can read on DAG:ademe_transform_data
[2024-05-13T23:31:23.827+0000] {logging_mixin.py:188} INFO - [2024-05-13T23:31:23.826+0000] {override.py:1769} INFO - Created Permission View: can edit on DAG:ademe_transform_data
[2024-05-13T23:31:23.828+0000] {logging_mixin.py:188} INFO - [2024-05-13T23:31:23.827+0000] {dag.py:3047} INFO - Sync 1 DAGs
[2024-05-13T23:31:23.846+0000] {logging_mixin.py:188} INFO - [2024-05-13T23:31:23.845+0000] {dag.py:3069} INFO - Creating ORM DAG for ademe_transform_data
[2024-05-13T23:31:23.859+0000] {logging_mixin.py:188} INFO - [2024-05-13T23:31:23.859+0000] {dag.py:3834} INFO - Setting next_dagrun for ademe_transform_data to 2024-05-12 00:00:00+00:00, run_after=2024-05-13 00:00:00+00:00
[2024-05-13T23:31:23.884+0000] {processor.py:183} INFO - Processing /opt/airflow/dags/transform.py took 0.973 seconds
[2024-05-13T23:31:54.182+0000] {processor.py:161} INFO - Started process (PID=37764) to work on /opt/airflow/dags/transform.py
[2024-05-13T23:31:54.184+0000] {processor.py:830} INFO - Processing file /opt/airflow/dags/transform.py for tasks to queue
[2024-05-13T23:31:54.185+0000] {logging_mixin.py:188} INFO - [2024-05-13T23:31:54.185+0000] {dagbag.py:540} INFO - Filling up the DagBag from /opt/airflow/dags/transform.py
[2024-05-13T23:31:54.585+0000] {processor.py:840} INFO - DAG(s) 'ademe_transform_data' retrieved from /opt/airflow/dags/transform.py
[2024-05-13T23:31:54.623+0000] {logging_mixin.py:188} INFO - [2024-05-13T23:31:54.622+0000] {dag.py:3047} INFO - Sync 1 DAGs
[2024-05-13T23:31:54.654+0000] {logging_mixin.py:188} INFO - [2024-05-13T23:31:54.654+0000] {dag.py:3834} INFO - Setting next_dagrun for ademe_transform_data to 2024-05-13 00:00:00+00:00, run_after=2024-05-14 00:00:00+00:00
[2024-05-13T23:31:54.680+0000] {processor.py:183} INFO - Processing /opt/airflow/dags/transform.py took 0.506 seconds
[2024-05-13T23:32:25.042+0000] {processor.py:161} INFO - Started process (PID=37776) to work on /opt/airflow/dags/transform.py
[2024-05-13T23:32:25.043+0000] {processor.py:830} INFO - Processing file /opt/airflow/dags/transform.py for tasks to queue
[2024-05-13T23:32:25.045+0000] {logging_mixin.py:188} INFO - [2024-05-13T23:32:25.044+0000] {dagbag.py:540} INFO - Filling up the DagBag from /opt/airflow/dags/transform.py
[2024-05-13T23:32:25.441+0000] {processor.py:840} INFO - DAG(s) 'ademe_transform_data' retrieved from /opt/airflow/dags/transform.py
[2024-05-13T23:32:25.483+0000] {logging_mixin.py:188} INFO - [2024-05-13T23:32:25.482+0000] {dag.py:3047} INFO - Sync 1 DAGs
[2024-05-13T23:32:25.515+0000] {logging_mixin.py:188} INFO - [2024-05-13T23:32:25.515+0000] {dag.py:3834} INFO - Setting next_dagrun for ademe_transform_data to 2024-05-13 00:00:00+00:00, run_after=2024-05-14 00:00:00+00:00
[2024-05-13T23:32:25.832+0000] {processor.py:183} INFO - Processing /opt/airflow/dags/transform.py took 0.796 seconds
[2024-05-13T23:32:56.773+0000] {processor.py:161} INFO - Started process (PID=37788) to work on /opt/airflow/dags/transform.py
[2024-05-13T23:32:56.774+0000] {processor.py:830} INFO - Processing file /opt/airflow/dags/transform.py for tasks to queue
[2024-05-13T23:32:56.776+0000] {logging_mixin.py:188} INFO - [2024-05-13T23:32:56.775+0000] {dagbag.py:540} INFO - Filling up the DagBag from /opt/airflow/dags/transform.py
[2024-05-13T23:32:57.172+0000] {processor.py:840} INFO - DAG(s) 'ademe_transform_data' retrieved from /opt/airflow/dags/transform.py
[2024-05-13T23:32:57.208+0000] {logging_mixin.py:188} INFO - [2024-05-13T23:32:57.207+0000] {dag.py:3047} INFO - Sync 1 DAGs
[2024-05-13T23:32:57.240+0000] {logging_mixin.py:188} INFO - [2024-05-13T23:32:57.239+0000] {dag.py:3834} INFO - Setting next_dagrun for ademe_transform_data to 2024-05-13 00:00:00+00:00, run_after=2024-05-14 00:00:00+00:00
[2024-05-13T23:32:57.264+0000] {processor.py:183} INFO - Processing /opt/airflow/dags/transform.py took 0.498 seconds
[2024-05-13T23:33:27.995+0000] {processor.py:161} INFO - Started process (PID=37801) to work on /opt/airflow/dags/transform.py
[2024-05-13T23:33:27.997+0000] {processor.py:830} INFO - Processing file /opt/airflow/dags/transform.py for tasks to queue
[2024-05-13T23:33:27.999+0000] {logging_mixin.py:188} INFO - [2024-05-13T23:33:27.998+0000] {dagbag.py:540} INFO - Filling up the DagBag from /opt/airflow/dags/transform.py
[2024-05-13T23:33:28.391+0000] {processor.py:840} INFO - DAG(s) 'ademe_transform_data' retrieved from /opt/airflow/dags/transform.py
[2024-05-13T23:33:28.429+0000] {logging_mixin.py:188} INFO - [2024-05-13T23:33:28.428+0000] {dag.py:3047} INFO - Sync 1 DAGs
[2024-05-13T23:33:28.461+0000] {logging_mixin.py:188} INFO - [2024-05-13T23:33:28.460+0000] {dag.py:3834} INFO - Setting next_dagrun for ademe_transform_data to 2024-05-13 00:00:00+00:00, run_after=2024-05-14 00:00:00+00:00
[2024-05-13T23:33:28.487+0000] {processor.py:183} INFO - Processing /opt/airflow/dags/transform.py took 0.499 seconds
[2024-05-13T23:33:58.639+0000] {processor.py:161} INFO - Started process (PID=37813) to work on /opt/airflow/dags/transform.py
[2024-05-13T23:33:58.641+0000] {processor.py:830} INFO - Processing file /opt/airflow/dags/transform.py for tasks to queue
[2024-05-13T23:33:58.642+0000] {logging_mixin.py:188} INFO - [2024-05-13T23:33:58.642+0000] {dagbag.py:540} INFO - Filling up the DagBag from /opt/airflow/dags/transform.py
[2024-05-13T23:33:59.060+0000] {processor.py:840} INFO - DAG(s) 'ademe_transform_data' retrieved from /opt/airflow/dags/transform.py
[2024-05-13T23:33:59.097+0000] {logging_mixin.py:188} INFO - [2024-05-13T23:33:59.096+0000] {dag.py:3047} INFO - Sync 1 DAGs
[2024-05-13T23:33:59.128+0000] {logging_mixin.py:188} INFO - [2024-05-13T23:33:59.128+0000] {dag.py:3834} INFO - Setting next_dagrun for ademe_transform_data to 2024-05-13 00:00:00+00:00, run_after=2024-05-14 00:00:00+00:00
[2024-05-13T23:33:59.435+0000] {processor.py:183} INFO - Processing /opt/airflow/dags/transform.py took 0.802 seconds
[2024-05-13T23:34:29.913+0000] {processor.py:161} INFO - Started process (PID=37825) to work on /opt/airflow/dags/transform.py
[2024-05-13T23:34:29.914+0000] {processor.py:830} INFO - Processing file /opt/airflow/dags/transform.py for tasks to queue
[2024-05-13T23:34:29.916+0000] {logging_mixin.py:188} INFO - [2024-05-13T23:34:29.915+0000] {dagbag.py:540} INFO - Filling up the DagBag from /opt/airflow/dags/transform.py
[2024-05-13T23:34:30.395+0000] {processor.py:840} INFO - DAG(s) 'ademe_transform_data' retrieved from /opt/airflow/dags/transform.py
[2024-05-13T23:34:30.432+0000] {logging_mixin.py:188} INFO - [2024-05-13T23:34:30.431+0000] {dag.py:3047} INFO - Sync 1 DAGs
[2024-05-13T23:34:30.465+0000] {logging_mixin.py:188} INFO - [2024-05-13T23:34:30.464+0000] {dag.py:3834} INFO - Setting next_dagrun for ademe_transform_data to 2024-05-13 00:00:00+00:00, run_after=2024-05-14 00:00:00+00:00
[2024-05-13T23:34:30.490+0000] {processor.py:183} INFO - Processing /opt/airflow/dags/transform.py took 0.584 seconds
[2024-05-13T23:35:00.981+0000] {processor.py:161} INFO - Started process (PID=37837) to work on /opt/airflow/dags/transform.py
[2024-05-13T23:35:00.983+0000] {processor.py:830} INFO - Processing file /opt/airflow/dags/transform.py for tasks to queue
[2024-05-13T23:35:00.985+0000] {logging_mixin.py:188} INFO - [2024-05-13T23:35:00.984+0000] {dagbag.py:540} INFO - Filling up the DagBag from /opt/airflow/dags/transform.py
[2024-05-13T23:35:01.514+0000] {processor.py:840} INFO - DAG(s) 'ademe_transform_data' retrieved from /opt/airflow/dags/transform.py
[2024-05-13T23:35:01.552+0000] {logging_mixin.py:188} INFO - [2024-05-13T23:35:01.551+0000] {dag.py:3047} INFO - Sync 1 DAGs
[2024-05-13T23:35:01.582+0000] {logging_mixin.py:188} INFO - [2024-05-13T23:35:01.582+0000] {dag.py:3834} INFO - Setting next_dagrun for ademe_transform_data to 2024-05-13 00:00:00+00:00, run_after=2024-05-14 00:00:00+00:00
[2024-05-13T23:35:01.607+0000] {processor.py:183} INFO - Processing /opt/airflow/dags/transform.py took 0.634 seconds
[2024-05-13T23:35:31.992+0000] {processor.py:161} INFO - Started process (PID=37849) to work on /opt/airflow/dags/transform.py
[2024-05-13T23:35:31.995+0000] {processor.py:830} INFO - Processing file /opt/airflow/dags/transform.py for tasks to queue
[2024-05-13T23:35:31.997+0000] {logging_mixin.py:188} INFO - [2024-05-13T23:35:31.996+0000] {dagbag.py:540} INFO - Filling up the DagBag from /opt/airflow/dags/transform.py
[2024-05-13T23:35:32.596+0000] {processor.py:840} INFO - DAG(s) 'ademe_transform_data' retrieved from /opt/airflow/dags/transform.py
[2024-05-13T23:35:32.649+0000] {logging_mixin.py:188} INFO - [2024-05-13T23:35:32.648+0000] {dag.py:3047} INFO - Sync 1 DAGs
[2024-05-13T23:35:32.694+0000] {logging_mixin.py:188} INFO - [2024-05-13T23:35:32.694+0000] {dag.py:3834} INFO - Setting next_dagrun for ademe_transform_data to 2024-05-13 00:00:00+00:00, run_after=2024-05-14 00:00:00+00:00
[2024-05-13T23:35:33.111+0000] {processor.py:183} INFO - Processing /opt/airflow/dags/transform.py took 1.132 seconds
[2024-05-13T23:36:03.291+0000] {processor.py:161} INFO - Started process (PID=37861) to work on /opt/airflow/dags/transform.py
[2024-05-13T23:36:03.293+0000] {processor.py:830} INFO - Processing file /opt/airflow/dags/transform.py for tasks to queue
[2024-05-13T23:36:03.295+0000] {logging_mixin.py:188} INFO - [2024-05-13T23:36:03.294+0000] {dagbag.py:540} INFO - Filling up the DagBag from /opt/airflow/dags/transform.py
[2024-05-13T23:36:04.058+0000] {processor.py:840} INFO - DAG(s) 'ademe_transform_data' retrieved from /opt/airflow/dags/transform.py
[2024-05-13T23:36:04.117+0000] {logging_mixin.py:188} INFO - [2024-05-13T23:36:04.116+0000] {dag.py:3047} INFO - Sync 1 DAGs
[2024-05-13T23:36:04.165+0000] {logging_mixin.py:188} INFO - [2024-05-13T23:36:04.165+0000] {dag.py:3834} INFO - Setting next_dagrun for ademe_transform_data to 2024-05-13 00:00:00+00:00, run_after=2024-05-14 00:00:00+00:00
[2024-05-13T23:36:04.198+0000] {processor.py:183} INFO - Processing /opt/airflow/dags/transform.py took 0.916 seconds
[2024-05-13T23:36:35.034+0000] {processor.py:161} INFO - Started process (PID=37879) to work on /opt/airflow/dags/transform.py
[2024-05-13T23:36:35.036+0000] {processor.py:830} INFO - Processing file /opt/airflow/dags/transform.py for tasks to queue
[2024-05-13T23:36:35.038+0000] {logging_mixin.py:188} INFO - [2024-05-13T23:36:35.037+0000] {dagbag.py:540} INFO - Filling up the DagBag from /opt/airflow/dags/transform.py
[2024-05-13T23:36:35.714+0000] {processor.py:840} INFO - DAG(s) 'ademe_transform_data' retrieved from /opt/airflow/dags/transform.py
[2024-05-13T23:36:35.767+0000] {logging_mixin.py:188} INFO - [2024-05-13T23:36:35.766+0000] {dag.py:3047} INFO - Sync 1 DAGs
[2024-05-13T23:36:35.812+0000] {logging_mixin.py:188} INFO - [2024-05-13T23:36:35.811+0000] {dag.py:3834} INFO - Setting next_dagrun for ademe_transform_data to 2024-05-13 00:00:00+00:00, run_after=2024-05-14 00:00:00+00:00
[2024-05-13T23:36:35.847+0000] {processor.py:183} INFO - Processing /opt/airflow/dags/transform.py took 0.822 seconds
[2024-05-13T23:37:06.024+0000] {processor.py:161} INFO - Started process (PID=37891) to work on /opt/airflow/dags/transform.py
[2024-05-13T23:37:06.026+0000] {processor.py:830} INFO - Processing file /opt/airflow/dags/transform.py for tasks to queue
[2024-05-13T23:37:06.027+0000] {logging_mixin.py:188} INFO - [2024-05-13T23:37:06.027+0000] {dagbag.py:540} INFO - Filling up the DagBag from /opt/airflow/dags/transform.py
[2024-05-13T23:37:06.483+0000] {processor.py:840} INFO - DAG(s) 'ademe_transform_data' retrieved from /opt/airflow/dags/transform.py
[2024-05-13T23:37:06.521+0000] {logging_mixin.py:188} INFO - [2024-05-13T23:37:06.520+0000] {dag.py:3047} INFO - Sync 1 DAGs
[2024-05-13T23:37:06.551+0000] {logging_mixin.py:188} INFO - [2024-05-13T23:37:06.551+0000] {dag.py:3834} INFO - Setting next_dagrun for ademe_transform_data to 2024-05-13 00:00:00+00:00, run_after=2024-05-14 00:00:00+00:00
[2024-05-13T23:37:06.879+0000] {processor.py:183} INFO - Processing /opt/airflow/dags/transform.py took 0.862 seconds
[2024-05-13T23:37:24.955+0000] {processor.py:161} INFO - Started process (PID=37893) to work on /opt/airflow/dags/transform.py
[2024-05-13T23:37:24.957+0000] {processor.py:830} INFO - Processing file /opt/airflow/dags/transform.py for tasks to queue
[2024-05-13T23:37:24.958+0000] {logging_mixin.py:188} INFO - [2024-05-13T23:37:24.958+0000] {dagbag.py:540} INFO - Filling up the DagBag from /opt/airflow/dags/transform.py
[2024-05-13T23:37:25.572+0000] {processor.py:840} INFO - DAG(s) 'ademe_transform_data' retrieved from /opt/airflow/dags/transform.py
[2024-05-13T23:37:25.626+0000] {logging_mixin.py:188} INFO - [2024-05-13T23:37:25.625+0000] {dag.py:3047} INFO - Sync 1 DAGs
[2024-05-13T23:37:25.674+0000] {logging_mixin.py:188} INFO - [2024-05-13T23:37:25.673+0000] {dag.py:3834} INFO - Setting next_dagrun for ademe_transform_data to 2024-05-13 00:00:00+00:00, run_after=2024-05-14 00:00:00+00:00
[2024-05-13T23:37:26.127+0000] {processor.py:183} INFO - Processing /opt/airflow/dags/transform.py took 1.180 seconds
[2024-05-13T23:37:56.353+0000] {processor.py:161} INFO - Started process (PID=37905) to work on /opt/airflow/dags/transform.py
[2024-05-13T23:37:56.355+0000] {processor.py:830} INFO - Processing file /opt/airflow/dags/transform.py for tasks to queue
[2024-05-13T23:37:56.357+0000] {logging_mixin.py:188} INFO - [2024-05-13T23:37:56.356+0000] {dagbag.py:540} INFO - Filling up the DagBag from /opt/airflow/dags/transform.py
[2024-05-13T23:37:56.974+0000] {processor.py:840} INFO - DAG(s) 'ademe_transform_data' retrieved from /opt/airflow/dags/transform.py
[2024-05-13T23:37:57.028+0000] {logging_mixin.py:188} INFO - [2024-05-13T23:37:57.027+0000] {dag.py:3047} INFO - Sync 1 DAGs
[2024-05-13T23:37:57.080+0000] {logging_mixin.py:188} INFO - [2024-05-13T23:37:57.079+0000] {dag.py:3834} INFO - Setting next_dagrun for ademe_transform_data to 2024-05-13 00:00:00+00:00, run_after=2024-05-14 00:00:00+00:00
[2024-05-13T23:37:57.114+0000] {processor.py:183} INFO - Processing /opt/airflow/dags/transform.py took 0.770 seconds
[2024-05-13T23:38:27.367+0000] {processor.py:161} INFO - Started process (PID=37917) to work on /opt/airflow/dags/transform.py
[2024-05-13T23:38:27.369+0000] {processor.py:830} INFO - Processing file /opt/airflow/dags/transform.py for tasks to queue
[2024-05-13T23:38:27.371+0000] {logging_mixin.py:188} INFO - [2024-05-13T23:38:27.370+0000] {dagbag.py:540} INFO - Filling up the DagBag from /opt/airflow/dags/transform.py
[2024-05-13T23:38:28.029+0000] {processor.py:840} INFO - DAG(s) 'ademe_transform_data' retrieved from /opt/airflow/dags/transform.py
[2024-05-13T23:38:28.083+0000] {logging_mixin.py:188} INFO - [2024-05-13T23:38:28.082+0000] {dag.py:3047} INFO - Sync 1 DAGs
[2024-05-13T23:38:28.130+0000] {logging_mixin.py:188} INFO - [2024-05-13T23:38:28.130+0000] {dag.py:3834} INFO - Setting next_dagrun for ademe_transform_data to 2024-05-13 00:00:00+00:00, run_after=2024-05-14 00:00:00+00:00
[2024-05-13T23:38:28.164+0000] {processor.py:183} INFO - Processing /opt/airflow/dags/transform.py took 0.806 seconds
[2024-05-13T23:38:58.460+0000] {processor.py:161} INFO - Started process (PID=37929) to work on /opt/airflow/dags/transform.py
[2024-05-13T23:38:58.473+0000] {processor.py:830} INFO - Processing file /opt/airflow/dags/transform.py for tasks to queue
[2024-05-13T23:38:58.474+0000] {logging_mixin.py:188} INFO - [2024-05-13T23:38:58.474+0000] {dagbag.py:540} INFO - Filling up the DagBag from /opt/airflow/dags/transform.py
[2024-05-13T23:39:00.637+0000] {processor.py:840} INFO - DAG(s) 'ademe_transform_data' retrieved from /opt/airflow/dags/transform.py
[2024-05-13T23:39:00.782+0000] {logging_mixin.py:188} INFO - [2024-05-13T23:39:00.780+0000] {dag.py:3047} INFO - Sync 1 DAGs
[2024-05-13T23:39:00.939+0000] {logging_mixin.py:188} INFO - [2024-05-13T23:39:00.938+0000] {dag.py:3834} INFO - Setting next_dagrun for ademe_transform_data to 2024-05-13 00:00:00+00:00, run_after=2024-05-14 00:00:00+00:00
[2024-05-13T23:39:02.075+0000] {processor.py:183} INFO - Processing /opt/airflow/dags/transform.py took 3.639 seconds
[2024-05-13T23:39:32.358+0000] {processor.py:161} INFO - Started process (PID=37941) to work on /opt/airflow/dags/transform.py
[2024-05-13T23:39:32.365+0000] {processor.py:830} INFO - Processing file /opt/airflow/dags/transform.py for tasks to queue
[2024-05-13T23:39:32.367+0000] {logging_mixin.py:188} INFO - [2024-05-13T23:39:32.366+0000] {dagbag.py:540} INFO - Filling up the DagBag from /opt/airflow/dags/transform.py
[2024-05-13T23:39:33.919+0000] {processor.py:840} INFO - DAG(s) 'ademe_transform_data' retrieved from /opt/airflow/dags/transform.py
[2024-05-13T23:39:34.070+0000] {logging_mixin.py:188} INFO - [2024-05-13T23:39:34.069+0000] {dag.py:3047} INFO - Sync 1 DAGs
[2024-05-13T23:39:34.217+0000] {logging_mixin.py:188} INFO - [2024-05-13T23:39:34.216+0000] {dag.py:3834} INFO - Setting next_dagrun for ademe_transform_data to 2024-05-13 00:00:00+00:00, run_after=2024-05-14 00:00:00+00:00
[2024-05-13T23:39:34.322+0000] {processor.py:183} INFO - Processing /opt/airflow/dags/transform.py took 1.984 seconds
[2024-05-13T23:40:04.687+0000] {processor.py:161} INFO - Started process (PID=37953) to work on /opt/airflow/dags/transform.py
[2024-05-13T23:40:04.689+0000] {processor.py:830} INFO - Processing file /opt/airflow/dags/transform.py for tasks to queue
[2024-05-13T23:40:04.691+0000] {logging_mixin.py:188} INFO - [2024-05-13T23:40:04.691+0000] {dagbag.py:540} INFO - Filling up the DagBag from /opt/airflow/dags/transform.py
[2024-05-13T23:40:05.414+0000] {processor.py:840} INFO - DAG(s) 'ademe_transform_data' retrieved from /opt/airflow/dags/transform.py
[2024-05-13T23:40:05.465+0000] {logging_mixin.py:188} INFO - [2024-05-13T23:40:05.464+0000] {dag.py:3047} INFO - Sync 1 DAGs
[2024-05-13T23:40:05.508+0000] {logging_mixin.py:188} INFO - [2024-05-13T23:40:05.508+0000] {dag.py:3834} INFO - Setting next_dagrun for ademe_transform_data to 2024-05-13 00:00:00+00:00, run_after=2024-05-14 00:00:00+00:00
[2024-05-13T23:40:05.540+0000] {processor.py:183} INFO - Processing /opt/airflow/dags/transform.py took 0.861 seconds
[2024-05-13T23:40:35.781+0000] {processor.py:161} INFO - Started process (PID=37970) to work on /opt/airflow/dags/transform.py
[2024-05-13T23:40:35.783+0000] {processor.py:830} INFO - Processing file /opt/airflow/dags/transform.py for tasks to queue
[2024-05-13T23:40:35.785+0000] {logging_mixin.py:188} INFO - [2024-05-13T23:40:35.784+0000] {dagbag.py:540} INFO - Filling up the DagBag from /opt/airflow/dags/transform.py
[2024-05-13T23:40:36.387+0000] {processor.py:840} INFO - DAG(s) 'ademe_transform_data' retrieved from /opt/airflow/dags/transform.py
[2024-05-13T23:40:36.459+0000] {logging_mixin.py:188} INFO - [2024-05-13T23:40:36.458+0000] {dag.py:3047} INFO - Sync 1 DAGs
[2024-05-13T23:40:36.513+0000] {logging_mixin.py:188} INFO - [2024-05-13T23:40:36.513+0000] {dag.py:3834} INFO - Setting next_dagrun for ademe_transform_data to 2024-05-13 00:00:00+00:00, run_after=2024-05-14 00:00:00+00:00
[2024-05-13T23:40:36.925+0000] {processor.py:183} INFO - Processing /opt/airflow/dags/transform.py took 1.151 seconds
[2024-05-13T23:41:07.178+0000] {processor.py:161} INFO - Started process (PID=37982) to work on /opt/airflow/dags/transform.py
[2024-05-13T23:41:07.181+0000] {processor.py:830} INFO - Processing file /opt/airflow/dags/transform.py for tasks to queue
[2024-05-13T23:41:07.182+0000] {logging_mixin.py:188} INFO - [2024-05-13T23:41:07.182+0000] {dagbag.py:540} INFO - Filling up the DagBag from /opt/airflow/dags/transform.py
[2024-05-13T23:41:07.774+0000] {processor.py:840} INFO - DAG(s) 'ademe_transform_data' retrieved from /opt/airflow/dags/transform.py
[2024-05-13T23:41:07.824+0000] {logging_mixin.py:188} INFO - [2024-05-13T23:41:07.823+0000] {dag.py:3047} INFO - Sync 1 DAGs
[2024-05-13T23:41:07.872+0000] {logging_mixin.py:188} INFO - [2024-05-13T23:41:07.872+0000] {dag.py:3834} INFO - Setting next_dagrun for ademe_transform_data to 2024-05-13 00:00:00+00:00, run_after=2024-05-14 00:00:00+00:00
[2024-05-13T23:41:07.907+0000] {processor.py:183} INFO - Processing /opt/airflow/dags/transform.py took 0.736 seconds
[2024-05-13T23:41:38.180+0000] {processor.py:161} INFO - Started process (PID=37994) to work on /opt/airflow/dags/transform.py
[2024-05-13T23:41:38.182+0000] {processor.py:830} INFO - Processing file /opt/airflow/dags/transform.py for tasks to queue
[2024-05-13T23:41:38.184+0000] {logging_mixin.py:188} INFO - [2024-05-13T23:41:38.183+0000] {dagbag.py:540} INFO - Filling up the DagBag from /opt/airflow/dags/transform.py
[2024-05-13T23:41:38.819+0000] {processor.py:840} INFO - DAG(s) 'ademe_transform_data' retrieved from /opt/airflow/dags/transform.py
[2024-05-13T23:41:38.880+0000] {logging_mixin.py:188} INFO - [2024-05-13T23:41:38.879+0000] {dag.py:3047} INFO - Sync 1 DAGs
[2024-05-13T23:41:38.925+0000] {logging_mixin.py:188} INFO - [2024-05-13T23:41:38.924+0000] {dag.py:3834} INFO - Setting next_dagrun for ademe_transform_data to 2024-05-13 00:00:00+00:00, run_after=2024-05-14 00:00:00+00:00
[2024-05-13T23:41:38.958+0000] {processor.py:183} INFO - Processing /opt/airflow/dags/transform.py took 0.786 seconds
[2024-05-13T23:42:09.217+0000] {processor.py:161} INFO - Started process (PID=38006) to work on /opt/airflow/dags/transform.py
[2024-05-13T23:42:09.241+0000] {processor.py:830} INFO - Processing file /opt/airflow/dags/transform.py for tasks to queue
[2024-05-13T23:42:09.242+0000] {logging_mixin.py:188} INFO - [2024-05-13T23:42:09.242+0000] {dagbag.py:540} INFO - Filling up the DagBag from /opt/airflow/dags/transform.py
[2024-05-13T23:42:09.881+0000] {processor.py:840} INFO - DAG(s) 'ademe_transform_data' retrieved from /opt/airflow/dags/transform.py
[2024-05-13T23:42:09.935+0000] {logging_mixin.py:188} INFO - [2024-05-13T23:42:09.934+0000] {dag.py:3047} INFO - Sync 1 DAGs
[2024-05-13T23:42:09.987+0000] {logging_mixin.py:188} INFO - [2024-05-13T23:42:09.986+0000] {dag.py:3834} INFO - Setting next_dagrun for ademe_transform_data to 2024-05-13 00:00:00+00:00, run_after=2024-05-14 00:00:00+00:00
[2024-05-13T23:42:10.394+0000] {processor.py:183} INFO - Processing /opt/airflow/dags/transform.py took 1.186 seconds
[2024-05-13T23:42:40.616+0000] {processor.py:161} INFO - Started process (PID=38018) to work on /opt/airflow/dags/transform.py
[2024-05-13T23:42:40.619+0000] {processor.py:830} INFO - Processing file /opt/airflow/dags/transform.py for tasks to queue
[2024-05-13T23:42:40.620+0000] {logging_mixin.py:188} INFO - [2024-05-13T23:42:40.620+0000] {dagbag.py:540} INFO - Filling up the DagBag from /opt/airflow/dags/transform.py
[2024-05-13T23:42:41.242+0000] {processor.py:840} INFO - DAG(s) 'ademe_transform_data' retrieved from /opt/airflow/dags/transform.py
[2024-05-13T23:42:41.290+0000] {logging_mixin.py:188} INFO - [2024-05-13T23:42:41.289+0000] {dag.py:3047} INFO - Sync 1 DAGs
[2024-05-13T23:42:41.336+0000] {logging_mixin.py:188} INFO - [2024-05-13T23:42:41.335+0000] {dag.py:3834} INFO - Setting next_dagrun for ademe_transform_data to 2024-05-13 00:00:00+00:00, run_after=2024-05-14 00:00:00+00:00
[2024-05-13T23:42:41.375+0000] {processor.py:183} INFO - Processing /opt/airflow/dags/transform.py took 0.766 seconds
[2024-05-13T23:43:11.643+0000] {processor.py:161} INFO - Started process (PID=38030) to work on /opt/airflow/dags/transform.py
[2024-05-13T23:43:11.661+0000] {processor.py:830} INFO - Processing file /opt/airflow/dags/transform.py for tasks to queue
[2024-05-13T23:43:11.663+0000] {logging_mixin.py:188} INFO - [2024-05-13T23:43:11.662+0000] {dagbag.py:540} INFO - Filling up the DagBag from /opt/airflow/dags/transform.py
[2024-05-13T23:43:12.921+0000] {processor.py:840} INFO - DAG(s) 'ademe_transform_data' retrieved from /opt/airflow/dags/transform.py
[2024-05-13T23:43:12.969+0000] {logging_mixin.py:188} INFO - [2024-05-13T23:43:12.968+0000] {dag.py:3047} INFO - Sync 1 DAGs
[2024-05-13T23:43:13.014+0000] {logging_mixin.py:188} INFO - [2024-05-13T23:43:13.013+0000] {dag.py:3834} INFO - Setting next_dagrun for ademe_transform_data to 2024-05-13 00:00:00+00:00, run_after=2024-05-14 00:00:00+00:00
[2024-05-13T23:43:13.049+0000] {processor.py:183} INFO - Processing /opt/airflow/dags/transform.py took 1.413 seconds
[2024-05-13T23:43:43.474+0000] {processor.py:161} INFO - Started process (PID=38042) to work on /opt/airflow/dags/transform.py
[2024-05-13T23:43:43.499+0000] {processor.py:830} INFO - Processing file /opt/airflow/dags/transform.py for tasks to queue
[2024-05-13T23:43:43.501+0000] {logging_mixin.py:188} INFO - [2024-05-13T23:43:43.501+0000] {dagbag.py:540} INFO - Filling up the DagBag from /opt/airflow/dags/transform.py
[2024-05-13T23:43:45.677+0000] {processor.py:840} INFO - DAG(s) 'ademe_transform_data' retrieved from /opt/airflow/dags/transform.py
[2024-05-13T23:43:45.834+0000] {logging_mixin.py:188} INFO - [2024-05-13T23:43:45.833+0000] {dag.py:3047} INFO - Sync 1 DAGs
[2024-05-13T23:43:46.040+0000] {logging_mixin.py:188} INFO - [2024-05-13T23:43:46.039+0000] {dag.py:3834} INFO - Setting next_dagrun for ademe_transform_data to 2024-05-13 00:00:00+00:00, run_after=2024-05-14 00:00:00+00:00
[2024-05-13T23:43:47.564+0000] {processor.py:183} INFO - Processing /opt/airflow/dags/transform.py took 4.137 seconds
[2024-05-13T23:44:17.911+0000] {processor.py:161} INFO - Started process (PID=38054) to work on /opt/airflow/dags/transform.py
[2024-05-13T23:44:17.914+0000] {processor.py:830} INFO - Processing file /opt/airflow/dags/transform.py for tasks to queue
[2024-05-13T23:44:17.916+0000] {logging_mixin.py:188} INFO - [2024-05-13T23:44:17.915+0000] {dagbag.py:540} INFO - Filling up the DagBag from /opt/airflow/dags/transform.py
[2024-05-13T23:44:18.544+0000] {processor.py:840} INFO - DAG(s) 'ademe_transform_data' retrieved from /opt/airflow/dags/transform.py
[2024-05-13T23:44:18.607+0000] {logging_mixin.py:188} INFO - [2024-05-13T23:44:18.606+0000] {dag.py:3047} INFO - Sync 1 DAGs
[2024-05-13T23:44:18.653+0000] {logging_mixin.py:188} INFO - [2024-05-13T23:44:18.653+0000] {dag.py:3834} INFO - Setting next_dagrun for ademe_transform_data to 2024-05-13 00:00:00+00:00, run_after=2024-05-14 00:00:00+00:00
[2024-05-13T23:44:18.687+0000] {processor.py:183} INFO - Processing /opt/airflow/dags/transform.py took 0.784 seconds
[2024-05-13T23:44:49.190+0000] {processor.py:161} INFO - Started process (PID=38066) to work on /opt/airflow/dags/transform.py
[2024-05-13T23:44:49.192+0000] {processor.py:830} INFO - Processing file /opt/airflow/dags/transform.py for tasks to queue
[2024-05-13T23:44:49.194+0000] {logging_mixin.py:188} INFO - [2024-05-13T23:44:49.193+0000] {dagbag.py:540} INFO - Filling up the DagBag from /opt/airflow/dags/transform.py
[2024-05-13T23:44:49.850+0000] {processor.py:840} INFO - DAG(s) 'ademe_transform_data' retrieved from /opt/airflow/dags/transform.py
[2024-05-13T23:44:49.899+0000] {logging_mixin.py:188} INFO - [2024-05-13T23:44:49.898+0000] {dag.py:3047} INFO - Sync 1 DAGs
[2024-05-13T23:44:49.944+0000] {logging_mixin.py:188} INFO - [2024-05-13T23:44:49.943+0000] {dag.py:3834} INFO - Setting next_dagrun for ademe_transform_data to 2024-05-13 00:00:00+00:00, run_after=2024-05-14 00:00:00+00:00
[2024-05-13T23:44:49.979+0000] {processor.py:183} INFO - Processing /opt/airflow/dags/transform.py took 0.795 seconds
[2024-05-13T23:45:20.211+0000] {processor.py:161} INFO - Started process (PID=38077) to work on /opt/airflow/dags/transform.py
[2024-05-13T23:45:20.213+0000] {processor.py:830} INFO - Processing file /opt/airflow/dags/transform.py for tasks to queue
[2024-05-13T23:45:20.215+0000] {logging_mixin.py:188} INFO - [2024-05-13T23:45:20.214+0000] {dagbag.py:540} INFO - Filling up the DagBag from /opt/airflow/dags/transform.py
[2024-05-13T23:45:20.833+0000] {processor.py:840} INFO - DAG(s) 'ademe_transform_data' retrieved from /opt/airflow/dags/transform.py
[2024-05-13T23:45:20.883+0000] {logging_mixin.py:188} INFO - [2024-05-13T23:45:20.882+0000] {dag.py:3047} INFO - Sync 1 DAGs
[2024-05-13T23:45:20.933+0000] {logging_mixin.py:188} INFO - [2024-05-13T23:45:20.933+0000] {dag.py:3834} INFO - Setting next_dagrun for ademe_transform_data to 2024-05-13 00:00:00+00:00, run_after=2024-05-14 00:00:00+00:00
[2024-05-13T23:45:21.359+0000] {processor.py:183} INFO - Processing /opt/airflow/dags/transform.py took 1.156 seconds
[2024-05-13T23:45:51.635+0000] {processor.py:161} INFO - Started process (PID=38089) to work on /opt/airflow/dags/transform.py
[2024-05-13T23:45:51.637+0000] {processor.py:830} INFO - Processing file /opt/airflow/dags/transform.py for tasks to queue
[2024-05-13T23:45:51.639+0000] {logging_mixin.py:188} INFO - [2024-05-13T23:45:51.638+0000] {dagbag.py:540} INFO - Filling up the DagBag from /opt/airflow/dags/transform.py
[2024-05-13T23:45:52.259+0000] {processor.py:840} INFO - DAG(s) 'ademe_transform_data' retrieved from /opt/airflow/dags/transform.py
[2024-05-13T23:45:52.310+0000] {logging_mixin.py:188} INFO - [2024-05-13T23:45:52.309+0000] {dag.py:3047} INFO - Sync 1 DAGs
[2024-05-13T23:45:52.358+0000] {logging_mixin.py:188} INFO - [2024-05-13T23:45:52.357+0000] {dag.py:3834} INFO - Setting next_dagrun for ademe_transform_data to 2024-05-13 00:00:00+00:00, run_after=2024-05-14 00:00:00+00:00
[2024-05-13T23:45:52.391+0000] {processor.py:183} INFO - Processing /opt/airflow/dags/transform.py took 0.764 seconds
[2024-05-13T23:46:22.639+0000] {processor.py:161} INFO - Started process (PID=38101) to work on /opt/airflow/dags/transform.py
[2024-05-13T23:46:22.641+0000] {processor.py:830} INFO - Processing file /opt/airflow/dags/transform.py for tasks to queue
[2024-05-13T23:46:22.643+0000] {logging_mixin.py:188} INFO - [2024-05-13T23:46:22.642+0000] {dagbag.py:540} INFO - Filling up the DagBag from /opt/airflow/dags/transform.py
[2024-05-13T23:46:23.231+0000] {processor.py:840} INFO - DAG(s) 'ademe_transform_data' retrieved from /opt/airflow/dags/transform.py
[2024-05-13T23:46:23.284+0000] {logging_mixin.py:188} INFO - [2024-05-13T23:46:23.283+0000] {dag.py:3047} INFO - Sync 1 DAGs
[2024-05-13T23:46:23.331+0000] {logging_mixin.py:188} INFO - [2024-05-13T23:46:23.330+0000] {dag.py:3834} INFO - Setting next_dagrun for ademe_transform_data to 2024-05-13 00:00:00+00:00, run_after=2024-05-14 00:00:00+00:00
[2024-05-13T23:46:23.387+0000] {processor.py:183} INFO - Processing /opt/airflow/dags/transform.py took 0.756 seconds
[2024-05-13T23:46:53.607+0000] {processor.py:161} INFO - Started process (PID=38113) to work on /opt/airflow/dags/transform.py
[2024-05-13T23:46:53.609+0000] {processor.py:830} INFO - Processing file /opt/airflow/dags/transform.py for tasks to queue
[2024-05-13T23:46:53.611+0000] {logging_mixin.py:188} INFO - [2024-05-13T23:46:53.610+0000] {dagbag.py:540} INFO - Filling up the DagBag from /opt/airflow/dags/transform.py
[2024-05-13T23:46:54.289+0000] {processor.py:840} INFO - DAG(s) 'ademe_transform_data' retrieved from /opt/airflow/dags/transform.py
[2024-05-13T23:46:54.345+0000] {logging_mixin.py:188} INFO - [2024-05-13T23:46:54.344+0000] {dag.py:3047} INFO - Sync 1 DAGs
[2024-05-13T23:46:54.394+0000] {logging_mixin.py:188} INFO - [2024-05-13T23:46:54.394+0000] {dag.py:3834} INFO - Setting next_dagrun for ademe_transform_data to 2024-05-13 00:00:00+00:00, run_after=2024-05-14 00:00:00+00:00
[2024-05-13T23:46:54.823+0000] {processor.py:183} INFO - Processing /opt/airflow/dags/transform.py took 1.224 seconds
[2024-05-13T23:46:55.736+0000] {processor.py:161} INFO - Started process (PID=38119) to work on /opt/airflow/dags/transform.py
[2024-05-13T23:46:55.738+0000] {processor.py:830} INFO - Processing file /opt/airflow/dags/transform.py for tasks to queue
[2024-05-13T23:46:55.739+0000] {logging_mixin.py:188} INFO - [2024-05-13T23:46:55.738+0000] {dagbag.py:540} INFO - Filling up the DagBag from /opt/airflow/dags/transform.py
[2024-05-13T23:46:56.128+0000] {processor.py:840} INFO - DAG(s) 'ademe_transform_data' retrieved from /opt/airflow/dags/transform.py
[2024-05-13T23:46:56.558+0000] {logging_mixin.py:188} INFO - [2024-05-13T23:46:56.557+0000] {dag.py:3047} INFO - Sync 1 DAGs
[2024-05-13T23:46:56.585+0000] {logging_mixin.py:188} INFO - [2024-05-13T23:46:56.584+0000] {dag.py:3834} INFO - Setting next_dagrun for ademe_transform_data to 2024-05-13 00:00:00+00:00, run_after=2024-05-14 00:00:00+00:00
[2024-05-13T23:46:56.611+0000] {processor.py:183} INFO - Processing /opt/airflow/dags/transform.py took 0.882 seconds
[2024-05-13T23:47:27.001+0000] {processor.py:161} INFO - Started process (PID=38131) to work on /opt/airflow/dags/transform.py
[2024-05-13T23:47:27.003+0000] {processor.py:830} INFO - Processing file /opt/airflow/dags/transform.py for tasks to queue
[2024-05-13T23:47:27.005+0000] {logging_mixin.py:188} INFO - [2024-05-13T23:47:27.004+0000] {dagbag.py:540} INFO - Filling up the DagBag from /opt/airflow/dags/transform.py
[2024-05-13T23:47:27.521+0000] {processor.py:840} INFO - DAG(s) 'ademe_transform_data' retrieved from /opt/airflow/dags/transform.py
[2024-05-13T23:47:27.559+0000] {logging_mixin.py:188} INFO - [2024-05-13T23:47:27.558+0000] {dag.py:3047} INFO - Sync 1 DAGs
[2024-05-13T23:47:27.589+0000] {logging_mixin.py:188} INFO - [2024-05-13T23:47:27.589+0000] {dag.py:3834} INFO - Setting next_dagrun for ademe_transform_data to 2024-05-13 00:00:00+00:00, run_after=2024-05-14 00:00:00+00:00
[2024-05-13T23:47:27.621+0000] {processor.py:183} INFO - Processing /opt/airflow/dags/transform.py took 0.628 seconds
[2024-05-13T23:47:57.897+0000] {processor.py:161} INFO - Started process (PID=38142) to work on /opt/airflow/dags/transform.py
[2024-05-13T23:47:57.899+0000] {processor.py:830} INFO - Processing file /opt/airflow/dags/transform.py for tasks to queue
[2024-05-13T23:47:57.905+0000] {logging_mixin.py:188} INFO - [2024-05-13T23:47:57.905+0000] {dagbag.py:540} INFO - Filling up the DagBag from /opt/airflow/dags/transform.py
[2024-05-13T23:48:00.223+0000] {processor.py:840} INFO - DAG(s) 'ademe_transform_data' retrieved from /opt/airflow/dags/transform.py
[2024-05-13T23:48:00.338+0000] {logging_mixin.py:188} INFO - [2024-05-13T23:48:00.337+0000] {dag.py:3047} INFO - Sync 1 DAGs
[2024-05-13T23:48:00.401+0000] {logging_mixin.py:188} INFO - [2024-05-13T23:48:00.400+0000] {dag.py:3834} INFO - Setting next_dagrun for ademe_transform_data to 2024-05-13 00:00:00+00:00, run_after=2024-05-14 00:00:00+00:00
[2024-05-13T23:48:00.478+0000] {processor.py:183} INFO - Processing /opt/airflow/dags/transform.py took 2.609 seconds
[2024-05-13T23:48:21.289+0000] {processor.py:161} INFO - Started process (PID=38151) to work on /opt/airflow/dags/transform.py
[2024-05-13T23:48:21.290+0000] {processor.py:830} INFO - Processing file /opt/airflow/dags/transform.py for tasks to queue
[2024-05-13T23:48:21.292+0000] {logging_mixin.py:188} INFO - [2024-05-13T23:48:21.291+0000] {dagbag.py:540} INFO - Filling up the DagBag from /opt/airflow/dags/transform.py
[2024-05-13T23:48:21.705+0000] {processor.py:840} INFO - DAG(s) 'ademe_transform_data' retrieved from /opt/airflow/dags/transform.py
[2024-05-13T23:48:21.742+0000] {logging_mixin.py:188} INFO - [2024-05-13T23:48:21.741+0000] {dag.py:3047} INFO - Sync 1 DAGs
[2024-05-13T23:48:21.775+0000] {logging_mixin.py:188} INFO - [2024-05-13T23:48:21.775+0000] {dag.py:3834} INFO - Setting next_dagrun for ademe_transform_data to 2024-05-13 00:00:00+00:00, run_after=2024-05-14 00:00:00+00:00
[2024-05-13T23:48:22.090+0000] {processor.py:183} INFO - Processing /opt/airflow/dags/transform.py took 0.808 seconds
[2024-05-13T23:48:52.341+0000] {processor.py:161} INFO - Started process (PID=38163) to work on /opt/airflow/dags/transform.py
[2024-05-13T23:48:52.343+0000] {processor.py:830} INFO - Processing file /opt/airflow/dags/transform.py for tasks to queue
[2024-05-13T23:48:52.344+0000] {logging_mixin.py:188} INFO - [2024-05-13T23:48:52.343+0000] {dagbag.py:540} INFO - Filling up the DagBag from /opt/airflow/dags/transform.py
[2024-05-13T23:48:52.737+0000] {processor.py:840} INFO - DAG(s) 'ademe_transform_data' retrieved from /opt/airflow/dags/transform.py
[2024-05-13T23:48:52.775+0000] {logging_mixin.py:188} INFO - [2024-05-13T23:48:52.774+0000] {dag.py:3047} INFO - Sync 1 DAGs
[2024-05-13T23:48:52.805+0000] {logging_mixin.py:188} INFO - [2024-05-13T23:48:52.804+0000] {dag.py:3834} INFO - Setting next_dagrun for ademe_transform_data to 2024-05-13 00:00:00+00:00, run_after=2024-05-14 00:00:00+00:00
[2024-05-13T23:48:52.831+0000] {processor.py:183} INFO - Processing /opt/airflow/dags/transform.py took 0.496 seconds
[2024-05-13T23:49:23.061+0000] {processor.py:161} INFO - Started process (PID=38175) to work on /opt/airflow/dags/transform.py
[2024-05-13T23:49:23.062+0000] {processor.py:830} INFO - Processing file /opt/airflow/dags/transform.py for tasks to queue
[2024-05-13T23:49:23.064+0000] {logging_mixin.py:188} INFO - [2024-05-13T23:49:23.063+0000] {dagbag.py:540} INFO - Filling up the DagBag from /opt/airflow/dags/transform.py
[2024-05-13T23:49:23.455+0000] {processor.py:840} INFO - DAG(s) 'ademe_transform_data' retrieved from /opt/airflow/dags/transform.py
[2024-05-13T23:49:23.492+0000] {logging_mixin.py:188} INFO - [2024-05-13T23:49:23.492+0000] {dag.py:3047} INFO - Sync 1 DAGs
[2024-05-13T23:49:23.523+0000] {logging_mixin.py:188} INFO - [2024-05-13T23:49:23.523+0000] {dag.py:3834} INFO - Setting next_dagrun for ademe_transform_data to 2024-05-13 00:00:00+00:00, run_after=2024-05-14 00:00:00+00:00
[2024-05-13T23:49:23.552+0000] {processor.py:183} INFO - Processing /opt/airflow/dags/transform.py took 0.498 seconds
[2024-05-13T23:49:53.633+0000] {processor.py:161} INFO - Started process (PID=38187) to work on /opt/airflow/dags/transform.py
[2024-05-13T23:49:53.635+0000] {processor.py:830} INFO - Processing file /opt/airflow/dags/transform.py for tasks to queue
[2024-05-13T23:49:53.637+0000] {logging_mixin.py:188} INFO - [2024-05-13T23:49:53.636+0000] {dagbag.py:540} INFO - Filling up the DagBag from /opt/airflow/dags/transform.py
[2024-05-13T23:49:54.040+0000] {processor.py:840} INFO - DAG(s) 'ademe_transform_data' retrieved from /opt/airflow/dags/transform.py
[2024-05-13T23:49:54.083+0000] {logging_mixin.py:188} INFO - [2024-05-13T23:49:54.082+0000] {dag.py:3047} INFO - Sync 1 DAGs
[2024-05-13T23:49:54.414+0000] {logging_mixin.py:188} INFO - [2024-05-13T23:49:54.413+0000] {dag.py:3834} INFO - Setting next_dagrun for ademe_transform_data to 2024-05-13 00:00:00+00:00, run_after=2024-05-14 00:00:00+00:00
[2024-05-13T23:49:54.437+0000] {processor.py:183} INFO - Processing /opt/airflow/dags/transform.py took 0.810 seconds
[2024-05-13T23:50:24.684+0000] {processor.py:161} INFO - Started process (PID=38199) to work on /opt/airflow/dags/transform.py
[2024-05-13T23:50:24.686+0000] {processor.py:830} INFO - Processing file /opt/airflow/dags/transform.py for tasks to queue
[2024-05-13T23:50:24.687+0000] {logging_mixin.py:188} INFO - [2024-05-13T23:50:24.687+0000] {dagbag.py:540} INFO - Filling up the DagBag from /opt/airflow/dags/transform.py
[2024-05-13T23:50:25.280+0000] {processor.py:840} INFO - DAG(s) 'ademe_transform_data' retrieved from /opt/airflow/dags/transform.py
[2024-05-13T23:50:25.331+0000] {logging_mixin.py:188} INFO - [2024-05-13T23:50:25.330+0000] {dag.py:3047} INFO - Sync 1 DAGs
[2024-05-13T23:50:25.372+0000] {logging_mixin.py:188} INFO - [2024-05-13T23:50:25.371+0000] {dag.py:3834} INFO - Setting next_dagrun for ademe_transform_data to 2024-05-13 00:00:00+00:00, run_after=2024-05-14 00:00:00+00:00
[2024-05-13T23:50:25.406+0000] {processor.py:183} INFO - Processing /opt/airflow/dags/transform.py took 0.730 seconds
[2024-05-13T23:50:56.376+0000] {processor.py:161} INFO - Started process (PID=38212) to work on /opt/airflow/dags/transform.py
[2024-05-13T23:50:56.393+0000] {processor.py:830} INFO - Processing file /opt/airflow/dags/transform.py for tasks to queue
[2024-05-13T23:50:56.395+0000] {logging_mixin.py:188} INFO - [2024-05-13T23:50:56.394+0000] {dagbag.py:540} INFO - Filling up the DagBag from /opt/airflow/dags/transform.py
[2024-05-13T23:50:57.466+0000] {processor.py:840} INFO - DAG(s) 'ademe_transform_data' retrieved from /opt/airflow/dags/transform.py
[2024-05-13T23:50:57.555+0000] {logging_mixin.py:188} INFO - [2024-05-13T23:50:57.554+0000] {dag.py:3047} INFO - Sync 1 DAGs
[2024-05-13T23:50:58.098+0000] {logging_mixin.py:188} INFO - [2024-05-13T23:50:58.097+0000] {dag.py:3834} INFO - Setting next_dagrun for ademe_transform_data to 2024-05-13 00:00:00+00:00, run_after=2024-05-14 00:00:00+00:00
[2024-05-13T23:50:58.161+0000] {processor.py:183} INFO - Processing /opt/airflow/dags/transform.py took 1.809 seconds
[2024-05-13T23:51:28.250+0000] {processor.py:161} INFO - Started process (PID=38224) to work on /opt/airflow/dags/transform.py
[2024-05-13T23:51:28.251+0000] {processor.py:830} INFO - Processing file /opt/airflow/dags/transform.py for tasks to queue
[2024-05-13T23:51:28.252+0000] {logging_mixin.py:188} INFO - [2024-05-13T23:51:28.252+0000] {dagbag.py:540} INFO - Filling up the DagBag from /opt/airflow/dags/transform.py
[2024-05-13T23:51:28.656+0000] {processor.py:840} INFO - DAG(s) 'ademe_transform_data' retrieved from /opt/airflow/dags/transform.py
[2024-05-13T23:51:28.694+0000] {logging_mixin.py:188} INFO - [2024-05-13T23:51:28.693+0000] {dag.py:3047} INFO - Sync 1 DAGs
[2024-05-13T23:51:29.012+0000] {logging_mixin.py:188} INFO - [2024-05-13T23:51:29.012+0000] {dag.py:3834} INFO - Setting next_dagrun for ademe_transform_data to 2024-05-13 00:00:00+00:00, run_after=2024-05-14 00:00:00+00:00
[2024-05-13T23:51:29.040+0000] {processor.py:183} INFO - Processing /opt/airflow/dags/transform.py took 0.797 seconds
[2024-05-13T23:51:59.462+0000] {processor.py:161} INFO - Started process (PID=38236) to work on /opt/airflow/dags/transform.py
[2024-05-13T23:51:59.464+0000] {processor.py:830} INFO - Processing file /opt/airflow/dags/transform.py for tasks to queue
[2024-05-13T23:51:59.465+0000] {logging_mixin.py:188} INFO - [2024-05-13T23:51:59.465+0000] {dagbag.py:540} INFO - Filling up the DagBag from /opt/airflow/dags/transform.py
[2024-05-13T23:51:59.871+0000] {processor.py:840} INFO - DAG(s) 'ademe_transform_data' retrieved from /opt/airflow/dags/transform.py
[2024-05-13T23:51:59.908+0000] {logging_mixin.py:188} INFO - [2024-05-13T23:51:59.908+0000] {dag.py:3047} INFO - Sync 1 DAGs
[2024-05-13T23:51:59.939+0000] {logging_mixin.py:188} INFO - [2024-05-13T23:51:59.938+0000] {dag.py:3834} INFO - Setting next_dagrun for ademe_transform_data to 2024-05-13 00:00:00+00:00, run_after=2024-05-14 00:00:00+00:00
[2024-05-13T23:51:59.966+0000] {processor.py:183} INFO - Processing /opt/airflow/dags/transform.py took 0.511 seconds
[2024-05-13T23:52:30.224+0000] {processor.py:161} INFO - Started process (PID=38250) to work on /opt/airflow/dags/transform.py
[2024-05-13T23:52:30.227+0000] {processor.py:830} INFO - Processing file /opt/airflow/dags/transform.py for tasks to queue
[2024-05-13T23:52:30.229+0000] {logging_mixin.py:188} INFO - [2024-05-13T23:52:30.228+0000] {dagbag.py:540} INFO - Filling up the DagBag from /opt/airflow/dags/transform.py
[2024-05-13T23:52:30.669+0000] {processor.py:840} INFO - DAG(s) 'ademe_transform_data' retrieved from /opt/airflow/dags/transform.py
[2024-05-13T23:52:30.706+0000] {logging_mixin.py:188} INFO - [2024-05-13T23:52:30.706+0000] {dag.py:3047} INFO - Sync 1 DAGs
[2024-05-13T23:52:31.187+0000] {logging_mixin.py:188} INFO - [2024-05-13T23:52:31.187+0000] {dag.py:3834} INFO - Setting next_dagrun for ademe_transform_data to 2024-05-13 00:00:00+00:00, run_after=2024-05-14 00:00:00+00:00
[2024-05-13T23:52:31.233+0000] {processor.py:183} INFO - Processing /opt/airflow/dags/transform.py took 1.016 seconds
[2024-05-13T23:53:01.504+0000] {processor.py:161} INFO - Started process (PID=38262) to work on /opt/airflow/dags/transform.py
[2024-05-13T23:53:01.506+0000] {processor.py:830} INFO - Processing file /opt/airflow/dags/transform.py for tasks to queue
[2024-05-13T23:53:01.507+0000] {logging_mixin.py:188} INFO - [2024-05-13T23:53:01.507+0000] {dagbag.py:540} INFO - Filling up the DagBag from /opt/airflow/dags/transform.py
[2024-05-13T23:53:01.901+0000] {processor.py:840} INFO - DAG(s) 'ademe_transform_data' retrieved from /opt/airflow/dags/transform.py
[2024-05-13T23:53:01.939+0000] {logging_mixin.py:188} INFO - [2024-05-13T23:53:01.938+0000] {dag.py:3047} INFO - Sync 1 DAGs
[2024-05-13T23:53:02.251+0000] {logging_mixin.py:188} INFO - [2024-05-13T23:53:02.251+0000] {dag.py:3834} INFO - Setting next_dagrun for ademe_transform_data to 2024-05-13 00:00:00+00:00, run_after=2024-05-14 00:00:00+00:00
[2024-05-13T23:53:02.276+0000] {processor.py:183} INFO - Processing /opt/airflow/dags/transform.py took 0.779 seconds
[2024-05-13T23:53:32.879+0000] {processor.py:161} INFO - Started process (PID=38274) to work on /opt/airflow/dags/transform.py
[2024-05-13T23:53:32.881+0000] {processor.py:830} INFO - Processing file /opt/airflow/dags/transform.py for tasks to queue
[2024-05-13T23:53:32.882+0000] {logging_mixin.py:188} INFO - [2024-05-13T23:53:32.881+0000] {dagbag.py:540} INFO - Filling up the DagBag from /opt/airflow/dags/transform.py
[2024-05-13T23:53:33.335+0000] {processor.py:840} INFO - DAG(s) 'ademe_transform_data' retrieved from /opt/airflow/dags/transform.py
[2024-05-13T23:53:33.372+0000] {logging_mixin.py:188} INFO - [2024-05-13T23:53:33.371+0000] {dag.py:3047} INFO - Sync 1 DAGs
[2024-05-13T23:53:33.402+0000] {logging_mixin.py:188} INFO - [2024-05-13T23:53:33.402+0000] {dag.py:3834} INFO - Setting next_dagrun for ademe_transform_data to 2024-05-13 00:00:00+00:00, run_after=2024-05-14 00:00:00+00:00
[2024-05-13T23:53:33.430+0000] {processor.py:183} INFO - Processing /opt/airflow/dags/transform.py took 0.558 seconds
[2024-05-13T23:54:03.684+0000] {processor.py:161} INFO - Started process (PID=38286) to work on /opt/airflow/dags/transform.py
[2024-05-13T23:54:03.686+0000] {processor.py:830} INFO - Processing file /opt/airflow/dags/transform.py for tasks to queue
[2024-05-13T23:54:03.687+0000] {logging_mixin.py:188} INFO - [2024-05-13T23:54:03.687+0000] {dagbag.py:540} INFO - Filling up the DagBag from /opt/airflow/dags/transform.py
[2024-05-13T23:54:04.076+0000] {processor.py:840} INFO - DAG(s) 'ademe_transform_data' retrieved from /opt/airflow/dags/transform.py
[2024-05-13T23:54:04.112+0000] {logging_mixin.py:188} INFO - [2024-05-13T23:54:04.111+0000] {dag.py:3047} INFO - Sync 1 DAGs
[2024-05-13T23:54:04.445+0000] {logging_mixin.py:188} INFO - [2024-05-13T23:54:04.445+0000] {dag.py:3834} INFO - Setting next_dagrun for ademe_transform_data to 2024-05-13 00:00:00+00:00, run_after=2024-05-14 00:00:00+00:00
[2024-05-13T23:54:04.470+0000] {processor.py:183} INFO - Processing /opt/airflow/dags/transform.py took 0.791 seconds
[2024-05-13T23:54:35.145+0000] {processor.py:161} INFO - Started process (PID=38299) to work on /opt/airflow/dags/transform.py
[2024-05-13T23:54:35.147+0000] {processor.py:830} INFO - Processing file /opt/airflow/dags/transform.py for tasks to queue
[2024-05-13T23:54:35.148+0000] {logging_mixin.py:188} INFO - [2024-05-13T23:54:35.148+0000] {dagbag.py:540} INFO - Filling up the DagBag from /opt/airflow/dags/transform.py
[2024-05-13T23:54:35.573+0000] {processor.py:840} INFO - DAG(s) 'ademe_transform_data' retrieved from /opt/airflow/dags/transform.py
[2024-05-13T23:54:36.138+0000] {logging_mixin.py:188} INFO - [2024-05-13T23:54:36.137+0000] {dag.py:3047} INFO - Sync 1 DAGs
[2024-05-13T23:54:36.187+0000] {logging_mixin.py:188} INFO - [2024-05-13T23:54:36.186+0000] {dag.py:3834} INFO - Setting next_dagrun for ademe_transform_data to 2024-05-13 00:00:00+00:00, run_after=2024-05-14 00:00:00+00:00
[2024-05-13T23:54:36.220+0000] {processor.py:183} INFO - Processing /opt/airflow/dags/transform.py took 1.083 seconds
[2024-05-13T23:55:06.569+0000] {processor.py:161} INFO - Started process (PID=38310) to work on /opt/airflow/dags/transform.py
[2024-05-13T23:55:06.571+0000] {processor.py:830} INFO - Processing file /opt/airflow/dags/transform.py for tasks to queue
[2024-05-13T23:55:06.573+0000] {logging_mixin.py:188} INFO - [2024-05-13T23:55:06.572+0000] {dagbag.py:540} INFO - Filling up the DagBag from /opt/airflow/dags/transform.py
[2024-05-13T23:55:07.277+0000] {processor.py:840} INFO - DAG(s) 'ademe_transform_data' retrieved from /opt/airflow/dags/transform.py
[2024-05-13T23:55:07.326+0000] {logging_mixin.py:188} INFO - [2024-05-13T23:55:07.325+0000] {dag.py:3047} INFO - Sync 1 DAGs
[2024-05-13T23:55:07.371+0000] {logging_mixin.py:188} INFO - [2024-05-13T23:55:07.370+0000] {dag.py:3834} INFO - Setting next_dagrun for ademe_transform_data to 2024-05-13 00:00:00+00:00, run_after=2024-05-14 00:00:00+00:00
[2024-05-13T23:55:07.799+0000] {processor.py:183} INFO - Processing /opt/airflow/dags/transform.py took 1.240 seconds
[2024-05-13T23:55:38.310+0000] {processor.py:161} INFO - Started process (PID=38324) to work on /opt/airflow/dags/transform.py
[2024-05-13T23:55:38.312+0000] {processor.py:830} INFO - Processing file /opt/airflow/dags/transform.py for tasks to queue
[2024-05-13T23:55:38.313+0000] {logging_mixin.py:188} INFO - [2024-05-13T23:55:38.313+0000] {dagbag.py:540} INFO - Filling up the DagBag from /opt/airflow/dags/transform.py
[2024-05-13T23:55:38.862+0000] {processor.py:840} INFO - DAG(s) 'ademe_transform_data' retrieved from /opt/airflow/dags/transform.py
[2024-05-13T23:55:38.912+0000] {logging_mixin.py:188} INFO - [2024-05-13T23:55:38.911+0000] {dag.py:3047} INFO - Sync 1 DAGs
[2024-05-13T23:55:39.436+0000] {logging_mixin.py:188} INFO - [2024-05-13T23:55:39.435+0000] {dag.py:3834} INFO - Setting next_dagrun for ademe_transform_data to 2024-05-13 00:00:00+00:00, run_after=2024-05-14 00:00:00+00:00
[2024-05-13T23:55:39.468+0000] {processor.py:183} INFO - Processing /opt/airflow/dags/transform.py took 1.165 seconds
[2024-05-13T23:56:09.725+0000] {processor.py:161} INFO - Started process (PID=38342) to work on /opt/airflow/dags/transform.py
[2024-05-13T23:56:09.728+0000] {processor.py:830} INFO - Processing file /opt/airflow/dags/transform.py for tasks to queue
[2024-05-13T23:56:09.730+0000] {logging_mixin.py:188} INFO - [2024-05-13T23:56:09.729+0000] {dagbag.py:540} INFO - Filling up the DagBag from /opt/airflow/dags/transform.py
[2024-05-13T23:56:10.368+0000] {processor.py:840} INFO - DAG(s) 'ademe_transform_data' retrieved from /opt/airflow/dags/transform.py
[2024-05-13T23:56:10.419+0000] {logging_mixin.py:188} INFO - [2024-05-13T23:56:10.418+0000] {dag.py:3047} INFO - Sync 1 DAGs
[2024-05-13T23:56:10.463+0000] {logging_mixin.py:188} INFO - [2024-05-13T23:56:10.463+0000] {dag.py:3834} INFO - Setting next_dagrun for ademe_transform_data to 2024-05-13 00:00:00+00:00, run_after=2024-05-14 00:00:00+00:00
[2024-05-13T23:56:10.495+0000] {processor.py:183} INFO - Processing /opt/airflow/dags/transform.py took 0.778 seconds
[2024-05-13T23:56:40.747+0000] {processor.py:161} INFO - Started process (PID=38354) to work on /opt/airflow/dags/transform.py
[2024-05-13T23:56:40.751+0000] {processor.py:830} INFO - Processing file /opt/airflow/dags/transform.py for tasks to queue
[2024-05-13T23:56:40.753+0000] {logging_mixin.py:188} INFO - [2024-05-13T23:56:40.752+0000] {dagbag.py:540} INFO - Filling up the DagBag from /opt/airflow/dags/transform.py
[2024-05-13T23:56:41.416+0000] {processor.py:840} INFO - DAG(s) 'ademe_transform_data' retrieved from /opt/airflow/dags/transform.py
[2024-05-13T23:56:41.481+0000] {logging_mixin.py:188} INFO - [2024-05-13T23:56:41.480+0000] {dag.py:3047} INFO - Sync 1 DAGs
[2024-05-13T23:56:41.531+0000] {logging_mixin.py:188} INFO - [2024-05-13T23:56:41.530+0000] {dag.py:3834} INFO - Setting next_dagrun for ademe_transform_data to 2024-05-13 00:00:00+00:00, run_after=2024-05-14 00:00:00+00:00
[2024-05-13T23:56:42.205+0000] {processor.py:183} INFO - Processing /opt/airflow/dags/transform.py took 1.474 seconds
[2024-05-13T23:57:12.831+0000] {processor.py:161} INFO - Started process (PID=38366) to work on /opt/airflow/dags/transform.py
[2024-05-13T23:57:12.832+0000] {processor.py:830} INFO - Processing file /opt/airflow/dags/transform.py for tasks to queue
[2024-05-13T23:57:12.834+0000] {logging_mixin.py:188} INFO - [2024-05-13T23:57:12.833+0000] {dagbag.py:540} INFO - Filling up the DagBag from /opt/airflow/dags/transform.py
[2024-05-13T23:57:13.230+0000] {processor.py:840} INFO - DAG(s) 'ademe_transform_data' retrieved from /opt/airflow/dags/transform.py
[2024-05-13T23:57:13.275+0000] {logging_mixin.py:188} INFO - [2024-05-13T23:57:13.274+0000] {dag.py:3047} INFO - Sync 1 DAGs
[2024-05-13T23:57:13.586+0000] {logging_mixin.py:188} INFO - [2024-05-13T23:57:13.586+0000] {dag.py:3834} INFO - Setting next_dagrun for ademe_transform_data to 2024-05-13 00:00:00+00:00, run_after=2024-05-14 00:00:00+00:00
[2024-05-13T23:57:13.611+0000] {processor.py:183} INFO - Processing /opt/airflow/dags/transform.py took 0.786 seconds
[2024-05-13T23:57:43.824+0000] {processor.py:161} INFO - Started process (PID=38378) to work on /opt/airflow/dags/transform.py
[2024-05-13T23:57:43.826+0000] {processor.py:830} INFO - Processing file /opt/airflow/dags/transform.py for tasks to queue
[2024-05-13T23:57:43.827+0000] {logging_mixin.py:188} INFO - [2024-05-13T23:57:43.826+0000] {dagbag.py:540} INFO - Filling up the DagBag from /opt/airflow/dags/transform.py
[2024-05-13T23:57:44.212+0000] {processor.py:840} INFO - DAG(s) 'ademe_transform_data' retrieved from /opt/airflow/dags/transform.py
[2024-05-13T23:57:44.525+0000] {logging_mixin.py:188} INFO - [2024-05-13T23:57:44.524+0000] {dag.py:3047} INFO - Sync 1 DAGs
[2024-05-13T23:57:44.551+0000] {logging_mixin.py:188} INFO - [2024-05-13T23:57:44.550+0000] {dag.py:3834} INFO - Setting next_dagrun for ademe_transform_data to 2024-05-13 00:00:00+00:00, run_after=2024-05-14 00:00:00+00:00
[2024-05-13T23:57:44.578+0000] {processor.py:183} INFO - Processing /opt/airflow/dags/transform.py took 0.760 seconds
[2024-05-13T23:58:14.633+0000] {processor.py:161} INFO - Started process (PID=38390) to work on /opt/airflow/dags/transform.py
[2024-05-13T23:58:14.635+0000] {processor.py:830} INFO - Processing file /opt/airflow/dags/transform.py for tasks to queue
[2024-05-13T23:58:14.637+0000] {logging_mixin.py:188} INFO - [2024-05-13T23:58:14.636+0000] {dagbag.py:540} INFO - Filling up the DagBag from /opt/airflow/dags/transform.py
[2024-05-13T23:58:15.022+0000] {processor.py:840} INFO - DAG(s) 'ademe_transform_data' retrieved from /opt/airflow/dags/transform.py
[2024-05-13T23:58:15.065+0000] {logging_mixin.py:188} INFO - [2024-05-13T23:58:15.064+0000] {dag.py:3047} INFO - Sync 1 DAGs
[2024-05-13T23:58:15.098+0000] {logging_mixin.py:188} INFO - [2024-05-13T23:58:15.097+0000] {dag.py:3834} INFO - Setting next_dagrun for ademe_transform_data to 2024-05-13 00:00:00+00:00, run_after=2024-05-14 00:00:00+00:00
[2024-05-13T23:58:15.408+0000] {processor.py:183} INFO - Processing /opt/airflow/dags/transform.py took 0.782 seconds
[2024-05-13T23:58:45.739+0000] {processor.py:161} INFO - Started process (PID=38402) to work on /opt/airflow/dags/transform.py
[2024-05-13T23:58:45.741+0000] {processor.py:830} INFO - Processing file /opt/airflow/dags/transform.py for tasks to queue
[2024-05-13T23:58:45.742+0000] {logging_mixin.py:188} INFO - [2024-05-13T23:58:45.742+0000] {dagbag.py:540} INFO - Filling up the DagBag from /opt/airflow/dags/transform.py
[2024-05-13T23:58:46.131+0000] {processor.py:840} INFO - DAG(s) 'ademe_transform_data' retrieved from /opt/airflow/dags/transform.py
[2024-05-13T23:58:46.167+0000] {logging_mixin.py:188} INFO - [2024-05-13T23:58:46.166+0000] {dag.py:3047} INFO - Sync 1 DAGs
[2024-05-13T23:58:46.477+0000] {logging_mixin.py:188} INFO - [2024-05-13T23:58:46.477+0000] {dag.py:3834} INFO - Setting next_dagrun for ademe_transform_data to 2024-05-13 00:00:00+00:00, run_after=2024-05-14 00:00:00+00:00
[2024-05-13T23:58:46.500+0000] {processor.py:183} INFO - Processing /opt/airflow/dags/transform.py took 0.767 seconds
[2024-05-13T23:59:17.193+0000] {processor.py:161} INFO - Started process (PID=38414) to work on /opt/airflow/dags/transform.py
[2024-05-13T23:59:17.196+0000] {processor.py:830} INFO - Processing file /opt/airflow/dags/transform.py for tasks to queue
[2024-05-13T23:59:17.198+0000] {logging_mixin.py:188} INFO - [2024-05-13T23:59:17.197+0000] {dagbag.py:540} INFO - Filling up the DagBag from /opt/airflow/dags/transform.py
[2024-05-13T23:59:17.624+0000] {processor.py:840} INFO - DAG(s) 'ademe_transform_data' retrieved from /opt/airflow/dags/transform.py
[2024-05-13T23:59:17.941+0000] {logging_mixin.py:188} INFO - [2024-05-13T23:59:17.940+0000] {dag.py:3047} INFO - Sync 1 DAGs
[2024-05-13T23:59:17.967+0000] {logging_mixin.py:188} INFO - [2024-05-13T23:59:17.966+0000] {dag.py:3834} INFO - Setting next_dagrun for ademe_transform_data to 2024-05-13 00:00:00+00:00, run_after=2024-05-14 00:00:00+00:00
[2024-05-13T23:59:17.990+0000] {processor.py:183} INFO - Processing /opt/airflow/dags/transform.py took 0.805 seconds
[2024-05-13T23:59:48.120+0000] {processor.py:161} INFO - Started process (PID=38426) to work on /opt/airflow/dags/transform.py
[2024-05-13T23:59:48.122+0000] {processor.py:830} INFO - Processing file /opt/airflow/dags/transform.py for tasks to queue
[2024-05-13T23:59:48.124+0000] {logging_mixin.py:188} INFO - [2024-05-13T23:59:48.123+0000] {dagbag.py:540} INFO - Filling up the DagBag from /opt/airflow/dags/transform.py
[2024-05-13T23:59:48.503+0000] {processor.py:840} INFO - DAG(s) 'ademe_transform_data' retrieved from /opt/airflow/dags/transform.py
[2024-05-13T23:59:48.540+0000] {logging_mixin.py:188} INFO - [2024-05-13T23:59:48.539+0000] {dag.py:3047} INFO - Sync 1 DAGs
[2024-05-13T23:59:48.578+0000] {logging_mixin.py:188} INFO - [2024-05-13T23:59:48.578+0000] {dag.py:3834} INFO - Setting next_dagrun for ademe_transform_data to 2024-05-13 00:00:00+00:00, run_after=2024-05-14 00:00:00+00:00
[2024-05-13T23:59:48.891+0000] {processor.py:183} INFO - Processing /opt/airflow/dags/transform.py took 0.778 seconds
