[2024-05-13T17:45:30.484+0000] {taskinstance.py:1979} INFO - Dependencies all met for dep_context=non-requeueable deps ti=<TaskInstance: live_ademe.save_postgresdb manual__2024-05-13T17:45:19.142504+00:00 [queued]>
[2024-05-13T17:45:30.501+0000] {taskinstance.py:1979} INFO - Dependencies all met for dep_context=requeueable deps ti=<TaskInstance: live_ademe.save_postgresdb manual__2024-05-13T17:45:19.142504+00:00 [queued]>
[2024-05-13T17:45:30.502+0000] {taskinstance.py:2193} INFO - Starting attempt 1 of 2
[2024-05-13T17:45:30.535+0000] {taskinstance.py:2217} INFO - Executing <Task(PythonOperator): save_postgresdb> on 2024-05-13 17:45:19.142504+00:00
[2024-05-13T17:45:30.547+0000] {standard_task_runner.py:60} INFO - Started process 24846 to run task
[2024-05-13T17:45:30.560+0000] {standard_task_runner.py:87} INFO - Running: ['***', 'tasks', 'run', 'live_ademe', 'save_postgresdb', 'manual__2024-05-13T17:45:19.142504+00:00', '--job-id', '119', '--raw', '--subdir', 'DAGS_FOLDER/load.py', '--cfg-path', '/tmp/tmpvt4hljgc']
[2024-05-13T17:45:30.565+0000] {standard_task_runner.py:88} INFO - Job 119: Subtask save_postgresdb
[2024-05-13T17:45:30.668+0000] {task_command.py:423} INFO - Running <TaskInstance: live_ademe.save_postgresdb manual__2024-05-13T17:45:19.142504+00:00 [running]> on host 86724742ac03
[2024-05-13T17:45:30.933+0000] {taskinstance.py:2513} INFO - Exporting env vars: AIRFLOW_CTX_DAG_EMAIL='***@example.com' AIRFLOW_CTX_DAG_OWNER='***' AIRFLOW_CTX_DAG_ID='live_ademe' AIRFLOW_CTX_TASK_ID='save_postgresdb' AIRFLOW_CTX_EXECUTION_DATE='2024-05-13T17:45:19.142504+00:00' AIRFLOW_CTX_TRY_NUMBER='1' AIRFLOW_CTX_DAG_RUN_ID='manual__2024-05-13T17:45:19.142504+00:00'
[2024-05-13T17:45:30.936+0000] {load.py:145} INFO - openning result file
[2024-05-13T17:45:31.002+0000] {load.py:150} INFO - dataframe creation
[2024-05-13T17:45:31.024+0000] {load.py:154} INFO - dataframe creation
[2024-05-13T17:45:31.034+0000] {load.py:157} INFO - ['conso_chauffage_depensier_e_finale', 'emission_ges_ecs', 'type_energie_n_1', 'nom_commune_ban', 'emission_ges_chauffage', 'date_reception_dpe', 'coût_ecs_energie_n_1', 'conso_ecs_e_finale', 'coût_total_5_usages', 'emission_ges_5_usages', 'code_postal_ban', 'conso_eclairage_e_finale', 'coût_refroidissement_depensier', 'date_fin_validite_dpe', 'coordonnee_cartographique_x_ban', 'nombre_niveau_logement', 'emission_ges_refroidissement_depensier', 'type_batiment', 'conso_5_usages_par_m2_e_primaire', 'coût_refroidissement', 'ubat_w_m2_k', 'coût_ecs_depensier', 'coût_chauffage', 'emission_ges_auxiliaires', 'emission_ges_5_usages_par_m2', 'emission_ges_eclairage', 'dpe_geopoint', 'conso_ecs_depensier_e_primaire', 'conso_refroidissement_depensier_e_finale', 'conso_ecs_depensier_e_finale', 'categorie_enr', 'adresse_ban', 'version_dpe', 'date_visite_diagnostiqueur', 'coût_ecs', 'nombre_niveau_immeuble', 'type_energie_principale_chauffage', 'surface_habitable_immeuble', 'coût_eclairage', 'date_etablissement_dpe', 'qualite_isolation_enveloppe', 'emission_ges_chauffage_depensier', 'n_dpe', 'conso_refroidissement_e_finale', 'conso_chauffage_e_primaire', 'appartement_non_visite_0_1', 'adresse_brute', 'conso_eclairage_e_primaire', 'conso_ecs_e_primaire', 'qualite_isolation_menuiseries', 'qualite_isolation_murs', 'emission_ges_5_usages_energie_n_1', 'etiquette_ges', 'conso_5_usages_e_finale_energie_n_1', 'statut_geocodage', 'conso_auxiliaires_e_primaire', 'nombre_appartement', 'conso_auxiliaires_e_finale', 'conso_chauffage_e_finale', 'coût_chauffage_depensier', 'modele_dpe', 'etiquette_dpe', 'conso_refroidissement_depensier_e_primaire', 'nom_commune_brut', 'conso_5_usages_e_finale', 'n_departement_ban', 'conso_refroidissement_e_primaire', 'coût_chauffage_energie_n_1', 'dpe_i', 'methode_application_dpe', 'n_region_ban', 'qualite_isolation_plancher_bas', 'conso_5_usages_m2_e_finale', 'hauteur_sous-plafond', 'identifiant_ban', 'surface_habitable_logement', 'code_postal_brut', 'coût_auxiliaires', 'coordonnee_cartographique_y_ban', 'nom_rue_ban', 'dpe_rand', 'conso_chauffage_depensier_e_primaire', 'emission_ges_ecs_depensier', 'code_insee_ban', 'score_ban', 'emission_ges_refroidissement', 'conso_5_usages_e_primaire', 'dpe_score', 'dpe_id', 'zone_climatique_', 'n_etage_appartement', 'classe_altitude', 'typologie_logement', 'type_installation_ecs_general', 'position_logement_dans_immeuble', 'type_installation_chauffage', 'presence_brasseur_air_0_1', 'protection_solaire_exterieure_0_1', 'n_voie_ban', 'logement_traversant_0_1', 'isolation_toiture_0_1', 'indicateur_confort_ete', 'qualite_isolation_plancher_haut_comble_amenage', 'invariant_fiscal_logement', 'nom_residence', 'n_dpe_remplace', 'complement_d_adresse_logement', 'besoin_refroidissement', 'deperditions_murs', 'besoin_ecs', 'deperditions_planchers_bas', 'deperditions_planchers_hauts', 'deperditions_renouvellement_air', 'deperditions_portes', 'deperditions_baies_vitrees', 'deperditions_ponts_thermiques', 'besoin_chauffage', 'deperditions_enveloppe']
[2024-05-13T17:45:31.069+0000] {load.py:159} INFO - dataframe cleaning
[2024-05-13T17:45:31.120+0000] {load.py:164} INFO - dataframe storing
[2024-05-13T17:45:31.128+0000] {warnings.py:109} WARNING - /opt/***/dags/load.py:166: PerformanceWarning: DataFrame is highly fragmented.  This is usually the result of calling `frame.insert` many times, which has poor performance.  Consider joining all columns at once using pd.concat(axis=1) instead. To get a de-fragmented frame, use `newframe = frame.copy()`
  data.loc[i, "payload"] = json.dumps(dict(d))

[2024-05-13T17:45:32.393+0000] {load.py:174} INFO - loaded (200, 119)
[2024-05-13T17:45:32.397+0000] {python.py:202} INFO - Done. Returned value was: None
[2024-05-13T17:45:32.415+0000] {taskinstance.py:1149} INFO - Marking task as SUCCESS. dag_id=live_ademe, task_id=save_postgresdb, execution_date=20240513T174519, start_date=20240513T174530, end_date=20240513T174532
[2024-05-13T17:45:32.466+0000] {local_task_job_runner.py:234} INFO - Task exited with return code 0
[2024-05-13T17:45:32.519+0000] {taskinstance.py:3312} INFO - 0 downstream tasks scheduled from follow-on schedule check
