[2024-05-13T18:31:52.850+0000] {taskinstance.py:1979} INFO - Dependencies all met for dep_context=non-requeueable deps ti=<TaskInstance: live_ademe.save_postgresdb manual__2024-05-13T18:26:44.997439+00:00 [queued]>
[2024-05-13T18:31:52.865+0000] {taskinstance.py:1979} INFO - Dependencies all met for dep_context=requeueable deps ti=<TaskInstance: live_ademe.save_postgresdb manual__2024-05-13T18:26:44.997439+00:00 [queued]>
[2024-05-13T18:31:52.865+0000] {taskinstance.py:2193} INFO - Starting attempt 2 of 2
[2024-05-13T18:31:52.889+0000] {taskinstance.py:2217} INFO - Executing <Task(PythonOperator): save_postgresdb> on 2024-05-13 18:26:44.997439+00:00
[2024-05-13T18:31:52.899+0000] {standard_task_runner.py:60} INFO - Started process 25562 to run task
[2024-05-13T18:31:52.907+0000] {standard_task_runner.py:87} INFO - Running: ['***', 'tasks', 'run', 'live_ademe', 'save_postgresdb', 'manual__2024-05-13T18:26:44.997439+00:00', '--job-id', '139', '--raw', '--subdir', 'DAGS_FOLDER/load.py', '--cfg-path', '/tmp/tmpy9swiyiu']
[2024-05-13T18:31:52.912+0000] {standard_task_runner.py:88} INFO - Job 139: Subtask save_postgresdb
[2024-05-13T18:31:52.984+0000] {task_command.py:423} INFO - Running <TaskInstance: live_ademe.save_postgresdb manual__2024-05-13T18:26:44.997439+00:00 [running]> on host 86724742ac03
[2024-05-13T18:31:53.115+0000] {taskinstance.py:2513} INFO - Exporting env vars: AIRFLOW_CTX_DAG_EMAIL='***@example.com' AIRFLOW_CTX_DAG_OWNER='***' AIRFLOW_CTX_DAG_ID='live_ademe' AIRFLOW_CTX_TASK_ID='save_postgresdb' AIRFLOW_CTX_EXECUTION_DATE='2024-05-13T18:26:44.997439+00:00' AIRFLOW_CTX_TRY_NUMBER='2' AIRFLOW_CTX_DAG_RUN_ID='manual__2024-05-13T18:26:44.997439+00:00'
[2024-05-13T18:31:53.117+0000] {load.py:118} INFO - openning result file
[2024-05-13T18:31:53.133+0000] {load.py:123} INFO - dataframe creation
[2024-05-13T18:31:53.146+0000] {load.py:127} INFO - dataframe creation
[2024-05-13T18:31:53.150+0000] {load.py:130} INFO - ['conso_chauffage_depensier_e_finale', 'emission_ges_ecs', 'type_energie_n_1', 'nom_commune_ban', 'emission_ges_chauffage', 'date_reception_dpe', 'coût_ecs_energie_n_1', 'conso_ecs_e_finale', 'coût_total_5_usages', 'emission_ges_5_usages', 'code_postal_ban', 'conso_eclairage_e_finale', 'coût_refroidissement_depensier', 'date_fin_validite_dpe', 'coordonnee_cartographique_x_ban', 'nombre_niveau_logement', 'emission_ges_refroidissement_depensier', 'type_batiment', 'conso_5_usages_par_m2_e_primaire', 'coût_refroidissement', 'ubat_w_m2_k', 'coût_ecs_depensier', 'coût_chauffage', 'emission_ges_auxiliaires', 'emission_ges_5_usages_par_m2', 'emission_ges_eclairage', 'dpe_geopoint', 'conso_ecs_depensier_e_primaire', 'conso_refroidissement_depensier_e_finale', 'conso_ecs_depensier_e_finale', 'adresse_ban', 'version_dpe', 'date_visite_diagnostiqueur', 'coût_ecs', 'nombre_niveau_immeuble', 'surface_habitable_immeuble', 'coût_eclairage', 'date_etablissement_dpe', 'qualite_isolation_enveloppe', 'emission_ges_chauffage_depensier', 'n_dpe', 'conso_refroidissement_e_finale', 'conso_chauffage_e_primaire', 'appartement_non_visite_0_1', 'adresse_brute', 'conso_eclairage_e_primaire', 'conso_ecs_e_primaire', 'qualite_isolation_menuiseries', 'qualite_isolation_murs', 'emission_ges_5_usages_energie_n_1', 'etiquette_ges', 'conso_5_usages_e_finale_energie_n_1', 'statut_geocodage', 'conso_auxiliaires_e_primaire', 'nombre_appartement', 'conso_auxiliaires_e_finale', 'conso_chauffage_e_finale', 'coût_chauffage_depensier', 'modele_dpe', 'etiquette_dpe', 'conso_refroidissement_depensier_e_primaire', 'nom_commune_brut', 'conso_5_usages_e_finale', 'n_departement_ban', 'conso_refroidissement_e_primaire', 'coût_chauffage_energie_n_1', 'dpe_i', 'methode_application_dpe', 'n_region_ban', 'qualite_isolation_plancher_bas', 'conso_5_usages_m2_e_finale', 'hauteur_sous-plafond', 'identifiant_ban', 'surface_habitable_logement', 'code_postal_brut', 'coût_auxiliaires', 'coordonnee_cartographique_y_ban', 'dpe_rand', 'conso_chauffage_depensier_e_primaire', 'emission_ges_ecs_depensier', 'code_insee_ban', 'score_ban', 'emission_ges_refroidissement', 'conso_5_usages_e_primaire', 'dpe_score', 'dpe_id', 'n_voie_ban', 'invariant_fiscal_logement', 'nom_rue_ban', 'zone_climatique_', 'categorie_enr', 'n_etage_appartement', 'classe_altitude', 'n_dpe_remplace', 'complement_d_adresse_logement', 'qualite_isolation_plancher_haut_comble_amenage', 'presence_brasseur_air_0_1', 'protection_solaire_exterieure_0_1', 'logement_traversant_0_1', 'isolation_toiture_0_1', 'nom_residence', 'indicateur_confort_ete', 'type_installation_ecs_general', 'type_installation_chauffage', 'typologie_logement', 'position_logement_dans_immeuble', 'type_energie_principale_chauffage', 'type_energie_n_2', 'coût_ecs_energie_n_2', 'emission_ges_5_usages_energie_n_2', 'coût_chauffage_energie_n_2']
[2024-05-13T18:31:53.168+0000] {load.py:132} INFO - dataframe cleaning
[2024-05-13T18:31:53.208+0000] {load.py:136} INFO - dataframe storing
[2024-05-13T18:31:53.213+0000] {warnings.py:109} WARNING - /opt/***/dags/load.py:138: PerformanceWarning: DataFrame is highly fragmented.  This is usually the result of calling `frame.insert` many times, which has poor performance.  Consider joining all columns at once using pd.concat(axis=1) instead. To get a de-fragmented frame, use `newframe = frame.copy()`
  data.loc[i, "payload"] = json.dumps(dict(d))

[2024-05-13T18:31:53.681+0000] {logging_mixin.py:188} INFO -              n_dpe                                            payload
0    2185N0146647X  {"conso_chauffage_depensier_e_finale": "917.6"...
1    2144N0042508Z  {"conso_chauffage_depensier_e_finale": "1651.8...
2    2156N0269293Y  {"conso_chauffage_depensier_e_finale": "1280.2...
3    2150N0042791C  {"conso_chauffage_depensier_e_finale": "2060.2...
4    2138N0565214V  {"conso_chauffage_depensier_e_finale": "2042.5...
..             ...                                                ...
195  2192N0115752X  {"conso_chauffage_depensier_e_finale": "735.7"...
196  2192N0116107O  {"conso_chauffage_depensier_e_finale": "694.3"...
197  2192N0115852T  {"conso_chauffage_depensier_e_finale": "711.7"...
198  2129N0491479N  {"conso_chauffage_depensier_e_finale": "8082.3...
199  2138N0239592X  {"conso_chauffage_depensier_e_finale": "1363.8...

[200 rows x 2 columns]
[2024-05-13T18:31:53.786+0000] {load.py:147} INFO - loaded (200, 112)
[2024-05-13T18:31:53.789+0000] {python.py:202} INFO - Done. Returned value was: None
[2024-05-13T18:31:53.803+0000] {taskinstance.py:1149} INFO - Marking task as SUCCESS. dag_id=live_ademe, task_id=save_postgresdb, execution_date=20240513T182644, start_date=20240513T183152, end_date=20240513T183153
[2024-05-13T18:31:53.844+0000] {local_task_job_runner.py:234} INFO - Task exited with return code 0
[2024-05-13T18:31:53.878+0000] {taskinstance.py:3312} INFO - 0 downstream tasks scheduled from follow-on schedule check
